
   140   69   6371.00
    1   6371.00    5.8000    3.3600
    2   6351.00    5.8000    3.3600
    3   6351.00    6.5000    3.7500
    4   6336.00    6.5000    3.7500
    5   6336.00    8.0400    4.4700
    6   6293.50    8.0450    4.4850
    7   6251.00    8.0500    4.5000
    8   6251.00    8.0500    4.5000
    9   6206.00    8.1750    4.5090
   10   6161.00    8.3000    4.5180
   11   6161.00    8.3000    4.5220
   12   6111.00    8.4825    4.6090
   13   6061.00    8.6650    4.6960
   14   6011.00    8.8475    4.7830
   15   5961.00    9.0300    4.8700
   16   5961.00    9.3600    5.0700
   17   5911.00    9.5280    5.1760
   18   5861.00    9.6960    5.2820
   19   5811.00    9.8640    5.3880
   20   5761.00   10.0320    5.4940
   21   5711.00   10.2000    5.6000
   22   5711.00   10.7900    5.9500
   23   5661.00   10.9229    6.0797
   24   5611.00   11.0558    6.2095
   25   5611.00   11.0558    6.2095
   26   5561.50   11.1440    6.2474
   27   5512.00   11.2300    6.2841
   28   5462.50   11.3140    6.3199
   29   5413.00   11.3960    6.3546
   30   5363.50   11.4761    6.3883
   31   5314.00   11.5543    6.4211
   32   5264.50   11.6308    6.4530
   33   5215.00   11.7055    6.4841
   34   5165.50   11.7787    6.5143
   35   5116.00   11.8504    6.5438
   36   5066.50   11.9205    6.5725
   37   5017.00   11.9893    6.6006
   38   4967.50   12.0568    6.6280
   39   4918.00   12.1231    6.6547
   40   4868.50   12.1881    6.6809
   41   4819.00   12.2521    6.7066
   42   4769.50   12.3151    6.7317
   43   4720.00   12.3772    6.7564
   44   4670.50   12.4383    6.7807
   45   4621.00   12.4987    6.8046
   46   4571.50   12.5584    6.8282
   47   4522.00   12.6174    6.8514
   48   4472.50   12.6759    6.8745
   49   4423.00   12.7339    6.8972
   50   4373.50   12.7915    6.9199
   51   4324.00   12.8487    6.9423
   52   4274.50   12.9057    6.9647
   53   4225.00   12.9625    6.9870
   54   4175.50   13.0192    7.0093
   55   4126.00   13.0758    7.0316
   56   4076.50   13.1325    7.0540
   57   4027.00   13.1892    7.0765
   58   3977.50   13.2462    7.0991
   59   3928.00   13.3034    7.1218
   60   3878.50   13.3610    7.1449
   61   3829.00   13.4189    7.1681
   62   3779.50   13.4774    7.1917
   63   3730.00   13.5364    7.2156
   64   3680.50   13.5961    7.2398
   65   3631.00   13.6564    7.2645
   66   3631.00   13.6564    7.2645
   67   3581.33   13.6679    7.2768
   68   3531.67   13.6793    7.2892
   69   3482.00   13.6908    7.3015
   70   3482.00    8.0088    8.0088
   71   3431.67    8.0963    8.0963
   72   3381.34    8.1821    8.1821
   73   3331.01    8.2662    8.2662
   74   3280.68    8.3486    8.3486
   75   3230.34    8.4293    8.4293
   76   3180.01    8.5083    8.5083
   77   3129.68    8.5856    8.5856
   78   3079.35    8.6611    8.6611
   79   3029.02    8.7350    8.7350
   80   2978.69    8.8072    8.8072
   81   2928.36    8.8776    8.8776
   82   2878.03    8.9464    8.9464
   83   2827.70    9.0134    9.0134
   84   2777.36    9.0787    9.0787
   85   2727.03    9.1424    9.1424
   86   2676.70    9.2043    9.2043
   87   2626.37    9.2645    9.2645
   88   2576.04    9.3230    9.3230
   89   2525.71    9.3798    9.3798
   90   2475.38    9.4349    9.4349
   91   2425.05    9.4883    9.4883
   92   2374.72    9.5400    9.5400
   93   2324.38    9.5900    9.5900
   94   2274.05    9.6382    9.6382
   95   2223.72    9.6848    9.6848
   96   2173.39    9.7297    9.7297
   97   2123.06    9.7728    9.7728
   98   2072.73    9.8143    9.8143
   99   2022.40    9.8540    9.8540
  100   1972.07    9.8920    9.8920
  101   1921.74    9.9284    9.9284
  102   1871.40    9.9630    9.9630
  103   1821.07    9.9959    9.9959
  104   1770.74   10.0271   10.0271
  105   1720.41   10.0566   10.0566
  106   1670.08   10.0844   10.0844
  107   1619.75   10.1105   10.1105
  108   1569.42   10.1349   10.1349
  109   1519.09   10.1576   10.1576
  110   1468.76   10.1785   10.1785
  111   1418.42   10.1978   10.1978
  112   1368.09   10.2154   10.2154
  113   1317.76   10.2312   10.2312
  114   1267.43   10.2454   10.2454
  115   1217.10   10.2578   10.2578
  116   1217.10   11.0914   11.0914
  117   1166.39   11.1036   11.1036
  118   1115.68   11.1153   11.1153
  119   1064.96   11.1265   11.1265
  120   1014.25   11.1371   11.1371
  121    963.54   11.1472   11.1472
  122    912.83   11.1568   11.1568
  123    862.11   11.1659   11.1659
  124    811.40   11.1745   11.1745
  125    760.69   11.1825   11.1825
  126    709.98   11.1901   11.1901
  127    659.26   11.1971   11.1971
  128    608.55   11.2036   11.2036
  129    557.84   11.2095   11.2095
  130    507.13   11.2150   11.2150
  131    456.41   11.2199   11.2199
  132    405.70   11.2243   11.2243
  133    354.99   11.2282   11.2282
  134    304.28   11.2316   11.2316
  135    253.56   11.2345   11.2345
  136    202.85   11.2368   11.2368
  137    152.14   11.2386   11.2386
  138    101.43   11.2399   11.2399
  139     50.71   11.2407   11.2407
  140      0.00   11.2409   11.2409

     1   6371.00      0.00    0.579310    1.000000
     2   6351.00    -20.03    0.577492    0.996861
     3   6351.00    -20.03    0.515300    0.893187
     4   6336.00    -35.10    0.514083    0.891078
     5   6336.00    -35.10    0.415615    0.747548
     6   6293.50    -77.98    0.412570    0.740051
     7   6251.00   -121.14    0.409529    0.732603
     8   6251.00   -121.14    0.409529    0.732603
     9   6206.00   -167.17    0.400364    0.725877
    10   6161.00   -213.54    0.391475    0.719178
    11   6161.00   -213.54    0.391475    0.718541
    12   6111.00   -265.45    0.379945    0.699258
    13   6061.00   -317.80    0.368899    0.680688
    14   6011.00   -370.57    0.358309    0.662793
    15   5961.00   -423.79    0.348148    0.645539
    16   5961.00   -423.79    0.335872    0.620072
    17   5911.00   -477.45    0.327183    0.602280
    18   5861.00   -531.57    0.318795    0.585201
    19   5811.00   -586.16    0.310692    0.568794
    20   5761.00   -641.21    0.302860    0.553020
    21   5711.00   -696.75    0.295287    0.537845
    22   5711.00   -696.75    0.279140    0.506204
    23   5661.00   -752.77    0.273330    0.491066
    24   5611.00   -809.29    0.267659    0.476559
    25   5611.00   -809.29    0.267659    0.476559
    26   5561.50   -865.75    0.263198    0.469490
    27   5512.00   -922.70    0.258857    0.462588
    28   5462.50   -980.18    0.254629    0.455843
    29   5413.00  -1038.17    0.250506    0.449244
    30   5363.50  -1096.70    0.246483    0.442785
    31   5314.00  -1155.77    0.242555    0.436458
    32   5264.50  -1215.40    0.238715    0.430254
    33   5215.00  -1275.58    0.234960    0.424167
    34   5165.50  -1336.35    0.231284    0.418190
    35   5116.00  -1397.69    0.227683    0.412318
    36   5066.50  -1459.64    0.224153    0.406543
    37   5017.00  -1522.19    0.220689    0.400861
    38   4967.50  -1585.36    0.217289    0.395266
    39   4918.00  -1649.16    0.213948    0.389754
    40   4868.50  -1713.61    0.210664    0.384318
    41   4819.00  -1778.72    0.207433    0.378956
    42   4769.50  -1844.50    0.204252    0.373661
    43   4720.00  -1910.97    0.201119    0.368432
    44   4670.50  -1978.13    0.198031    0.363262
    45   4621.00  -2046.02    0.194985    0.358150
    46   4571.50  -2114.63    0.191980    0.353090
    47   4522.00  -2183.99    0.189013    0.348081
    48   4472.50  -2254.12    0.186081    0.343118
    49   4423.00  -2325.02    0.183184    0.338199
    50   4373.50  -2396.72    0.180318    0.333322
    51   4324.00  -2469.24    0.177483    0.328482
    52   4274.50  -2542.60    0.174677    0.323679
    53   4225.00  -2616.81    0.171898    0.318909
    54   4175.50  -2691.89    0.169144    0.314170
    55   4126.00  -2767.87    0.166415    0.309461
    56   4076.50  -2844.76    0.163709    0.304779
    57   4027.00  -2922.60    0.161025    0.300122
    58   3977.50  -3001.40    0.158362    0.295489
    59   3928.00  -3081.18    0.155718    0.290878
    60   3878.50  -3161.98    0.153094    0.286287
    61   3829.00  -3243.81    0.150487    0.281717
    62   3779.50  -3326.71    0.147897    0.277164
    63   3730.00  -3410.70    0.145324    0.272628
    64   3680.50  -3495.82    0.142766    0.268108
    65   3631.00  -3582.08    0.140224    0.263604
    66   3631.00  -3582.08    0.140224    0.263604
    67   3581.33  -3669.83    0.138190    0.259558
    68   3531.67  -3758.80    0.136159    0.255525
    69   3482.00  -3849.04    0.134132    0.251506
    70   3482.00  -3849.04    0.229295    0.229295
    71   3431.67  -3941.80    0.223538    0.223538
    72   3381.34  -4035.93    0.217949    0.217949
    73   3331.01  -4131.48    0.212521    0.212521
    74   3280.68  -4228.48    0.207244    0.207244
    75   3230.34  -4326.98    0.202111    0.202111
    76   3180.01  -4427.02    0.197115    0.197115
    77   3129.68  -4528.67    0.192249    0.192249
    78   3079.35  -4631.96    0.187506    0.187506
    79   3029.02  -4736.95    0.182882    0.182882
    80   2978.69  -4843.70    0.178370    0.178370
    81   2928.36  -4952.27    0.173964    0.173964
    82   2878.03  -5062.72    0.169660    0.169660
    83   2827.70  -5175.13    0.165453    0.165453
    84   2777.36  -5289.55    0.161339    0.161339
    85   2727.03  -5406.06    0.157313    0.157313
    86   2676.70  -5524.75    0.153370    0.153370
    87   2626.37  -5645.68    0.149508    0.149508
    88   2576.04  -5768.96    0.145723    0.145723
    89   2525.71  -5894.67    0.142010    0.142010
    90   2475.38  -6022.91    0.138368    0.138368
    91   2425.05  -6153.78    0.134792    0.134792
    92   2374.72  -6287.40    0.131279    0.131279
    93   2324.38  -6423.89    0.127827    0.127827
    94   2274.05  -6563.36    0.124433    0.124433
    95   2223.72  -6705.95    0.121094    0.121094
    96   2173.39  -6851.80    0.117807    0.117807
    97   2123.06  -7001.08    0.114571    0.114571
    98   2072.73  -7153.93    0.111382    0.111382
    99   2022.40  -7310.55    0.108239    0.108239
   100   1972.07  -7471.11    0.105140    0.105140
   101   1921.74  -7635.82    0.102082    0.102082
   102   1871.40  -7804.90    0.099063    0.099063
   103   1821.07  -7978.60    0.096081    0.096081
   104   1770.74  -8157.16    0.093135    0.093135
   105   1720.41  -8340.87    0.090222    0.090222
   106   1670.08  -8530.04    0.087341    0.087341
   107   1619.75  -8724.99    0.084490    0.084490
   108   1569.42  -8926.10    0.081668    0.081668
   109   1519.09  -9133.77    0.078872    0.078872
   110   1468.76  -9348.43    0.076102    0.076102
   111   1418.42  -9570.58    0.073355    0.073355
   112   1368.09  -9800.75    0.070631    0.070631
   113   1317.76 -10039.56    0.067927    0.067927
   114   1267.43 -10287.66    0.065242    0.065242
   115   1217.10 -10545.82    0.062575    0.062575
   116   1217.10 -10545.82    0.057872    0.057872
   117   1166.39 -10816.97    0.055400    0.055400
   118   1115.68 -11100.17    0.052936    0.052936
   119   1064.96 -11396.55    0.050479    0.050479
   120   1014.25 -11707.39    0.048029    0.048029
   121    963.54 -12034.18    0.045586    0.045586
   122    912.83 -12378.64    0.043150    0.043150
   123    862.11 -12742.80    0.040719    0.040719
   124    811.40 -13129.04    0.038295    0.038295
   125    760.69 -13540.21    0.035875    0.035875
   126    709.98 -13979.77    0.033461    0.033461
   127    659.26 -14451.91    0.031052    0.031052
   128    608.55 -14961.86    0.028647    0.028647
   129    557.84 -15516.21    0.026245    0.026245
   130    507.13 -16123.43    0.023848    0.023848
   131    456.41 -16794.68    0.021454    0.021454
   132    405.70 -17545.07    0.019062    0.019062
   133    354.99 -18395.80    0.016674    0.016674
   134    304.28 -19377.89    0.014288    0.014288
   135    253.56 -20539.46    0.011903    0.011903
   136    202.85 -21961.10    0.009521    0.009521
   137    152.14 -23793.91    0.007139    0.007139
   138    101.43 -26377.11    0.004759    0.004759
   139     50.71 -30793.10    0.002379    0.002379
   140      0.00 -99816.16    0.000000    0.000000

 delx =    200.00    200.00
 dpmax -    0.010000    0.010000
 drmax =     75.00     75.00
 duplicate critical value eliminated:  0.40952909    
 duplicate critical value eliminated:  0.73260295    
 duplicate critical value eliminated:  0.39147547    
 duplicate critical value eliminated:  0.26765859    
 duplicate critical value eliminated:  0.47655877    
 duplicate critical value eliminated:  0.14022365    
 duplicate critical value eliminated:  0.26360372    

 critical points
     1    1.000000
     2    0.996861
     3    0.893187
     4    0.891078
     5    0.747548
     6    0.732603
     7    0.719178
     8    0.718541
     9    0.645539
    10    0.620072
    11    0.579310
    12    0.577492
    13    0.537845
    14    0.515300
    15    0.514083
    16    0.506204
    17    0.476559
    18    0.415615
    19    0.409529
    20    0.391475
    21    0.348148
    22    0.335872
    23    0.295287
    24    0.279140
    25    0.267659
    26    0.263604
    27    0.251506
    28    0.229295
    29    0.140224
    30    0.134132
    31    0.062575
    32    0.057872
          i   11    0.579310    0.577492
 first     1  0.579310 -0.000000  6371.00
 sol       2  0.579238  0.031694  6370.20    1  0.000073   201.92     0.80
 sol       3  0.579019  0.063387  6367.80    1  0.000218   201.92     2.40
 sol       4  0.578656  0.095084  6363.80    1  0.000364   201.94     4.00
 sol       5  0.578147  0.126797  6358.20    1  0.000509   202.04     5.60
 end       6  0.577492  0.158515  6351.00    1  0.000655   202.08     7.20
          i   12    0.577492    0.537845
 sol       7  0.577420  0.130009  6351.00    2  0.000072  -181.61     0.00
 sol       8  0.577108  0.101517  6351.00    2  0.000312  -181.52     0.00
 sol       9  0.576167  0.072944  6351.00    2  0.000941  -182.04     0.00
 sol      10  0.572655  0.044422  6351.00    2  0.003512  -181.72     0.00
  dpmax   11  0.563953  0.027618  6351.00    2  0.008703  -107.06     0.00
  dpmax   12  0.555250  0.021556  6351.00    2  0.008703   -38.62     0.00
  dpmax   13  0.546547  0.018158  6351.00    2  0.008703   -21.65     0.00
 end      14  0.537845  0.015897  6351.00    2  0.008703   -14.40     0.00
          i   13    0.537845    0.515300
  dpmax   15  0.530330  0.014446  6351.00    2  0.007515    -9.24     0.00
  dpmax   16  0.522815  0.013288  6351.00    2  0.007515    -7.37     0.00
 end      17  0.515300  0.012335  6351.00    2  0.007515    -6.07     0.00
          i   14    0.515300    0.514083
 sol      18  0.515252  0.039806  6350.40    3  0.000049   175.02     0.60
 sol      19  0.515106  0.067300  6348.60    3  0.000146   175.17     1.80
 sol      20  0.514862  0.094768  6345.60    3  0.000243   175.00     3.00
 sol      21  0.514521  0.122234  6341.40    3  0.000341   174.99     4.20
 end      22  0.514083  0.149678  6336.00    3  0.000438   174.84     5.40
          i   15    0.514083    0.506204
 sol      23  0.514019  0.121547  6336.00    4  0.000065  -179.23     0.00
 sol      24  0.513716  0.093397  6336.00    4  0.000303  -179.34     0.00
 sol      25  0.512626  0.065253  6336.00    4  0.001090  -179.31     0.00
 end      26  0.506204  0.037110  6336.00    4  0.006421  -179.30     0.00
          i   16    0.506204    0.476559
  dpmax   27  0.496323  0.027734  6336.00    4  0.009882   -59.73     0.00
  dpmax   28  0.486441  0.023455  6336.00    4  0.009882   -27.26     0.00
 end      29  0.476559  0.020735  6336.00    4  0.009882   -17.33     0.00
          i   17    0.476559    0.415615
  dpmax   30  0.467852  0.018965  6336.00    4  0.008706   -11.28     0.00
  dpmax   31  0.459146  0.017544  6336.00    4  0.008706    -9.05     0.00
  dpmax   32  0.450440  0.016361  6336.00    4  0.008706    -7.54     0.00
  dpmax   33  0.441734  0.015348  6336.00    4  0.008706    -6.46     0.00
  dpmax   34  0.433027  0.014462  6336.00    4  0.008706    -5.64     0.00
  dpmax   35  0.424321  0.013677  6336.00    4  0.008706    -5.00     0.00
 end      36  0.415615  0.012971  6336.00    4  0.008706    -4.50     0.00
          i   18    0.415615    0.409529
 sol      37  0.415554  0.044320  6335.15    5  0.000061   199.72     0.85
 sol      38  0.415371  0.075617  6332.60    5  0.000183   199.39     2.55
 sol      39  0.415067  0.106937  6328.36    5  0.000304   199.54     4.25
 sol      40  0.414641  0.138245  6322.41    5  0.000426   199.46     5.95
 sol      41  0.414093  0.169559  6314.76    5  0.000548   199.51     7.65
 sol      42  0.413424  0.200876  6305.42    5  0.000669   199.52     9.35
 sol      43  0.412633  0.232200  6294.37    5  0.000791   199.56    11.05
 sol      44  0.411720  0.263583  6281.62    6  0.000913   199.94    12.75
 sol      45  0.410685  0.294940  6267.16    6  0.001035   199.77    14.46
 end      46  0.409529  0.326313  6251.00    6  0.001156   199.88    16.16
          i   19    0.409529    0.391475
          caustic
 sol      47  0.409410  0.300564  6250.42    8  0.000119  -164.05     0.58
 sol      48  0.408866  0.275052  6247.77    8  0.000544  -162.54     2.65
 end      49  0.405016  0.249406  6226.85    8  0.003850  -163.39    20.92
  dpmax   50  0.398246  0.263396  6195.33    9  0.006770    89.13    31.51
 end      51  0.391475  0.285097  6161.00    9  0.006770   138.26    34.33
          i   20    0.391475    0.348148
          caustic
 end      52  0.390272  0.280925  6154.54   11  0.001204   -26.58     6.46
 sol      53  0.373667  0.311780  6082.72   12  0.016605   196.58    71.82
  dpmax   53  0.381847  0.293031  6119.33   11  0.008425    77.13    35.21
 sol      54  0.370067  0.319830  6066.34   12  0.011780   170.74    52.99
  dpmax   54  0.373422  0.312332  6081.60   12  0.008425   122.97    37.72
 sol      55  0.360671  0.342880  6022.24   13  0.012751   194.62    59.36
  dpmax   55  0.364998  0.332727  6042.70   13  0.008425   129.94    38.90
 sol      56  0.356685  0.353057  6003.07   14  0.008313   129.52    39.63
 end      57  0.348148  0.373445  5961.00   14  0.008536   129.90    42.07
          i   21    0.348148    0.335872
 sol      58  0.347579  0.341530  5961.00   15  0.000569  -203.33     0.00
 sol      59  0.345659  0.309588  5961.00   15  0.001920  -203.51     0.00
 sol      60  0.341965  0.277649  5961.00   15  0.003693  -203.48     0.00
 end      61  0.335872  0.245713  5961.00   15  0.006093  -203.46     0.00
          i   22    0.335872    0.295287
 sol      62  0.335448  0.276265  5958.58   16  0.000424   194.65     2.42
 sol      63  0.333946  0.306875  5949.99   16  0.001502   195.01     8.58
 sol      64  0.330964  0.337473  5932.86   16  0.002982   194.95    17.13
 sol      65  0.326301  0.368057  5905.79   17  0.004662   194.85    27.08
 sol      66  0.319967  0.398656  5868.04   17  0.006334   194.94    37.74
 sol      67  0.312519  0.429234  5822.35   18  0.007449   194.82    45.69
 sol      68  0.304197  0.459787  5769.60   19  0.008321   194.66    52.75
 end      69  0.295287  0.490414  5711.00   19  0.008910   195.12    58.60
          i   23    0.295287    0.279140
 sol      70  0.294983  0.460129  5711.00   21  0.000304  -192.95     0.00
 sol      71  0.293985  0.429812  5711.00   21  0.000998  -193.15     0.00
 sol      72  0.292137  0.399501  5711.00   21  0.001848  -193.12     0.00
 sol      73  0.289234  0.369192  5711.00   21  0.002903  -193.10     0.00
 sol      74  0.285014  0.338883  5711.00   21  0.004221  -193.09     0.00
 end      75  0.279140  0.308576  5711.00   21  0.005874  -193.09     0.00
          i   24    0.279140    0.267659
 sol      76  0.278966  0.337324  5709.51   22  0.000174   183.16     1.49
 sol      77  0.278404  0.366087  5704.70   22  0.000562   183.24     4.81
 sol      78  0.277387  0.394847  5695.98   22  0.001018   183.24     8.73
 sol      79  0.275840  0.423605  5682.67   22  0.001547   183.22    13.30
 sol      80  0.273690  0.452378  5664.12   22  0.002149   183.31    18.55
 sol      81  0.271027  0.481122  5640.77   23  0.002663   183.13    23.35
 end      82  0.267659  0.509881  5611.00   23  0.003369   183.22    29.77
          i   25    0.267659    0.263604
 sol      83  0.266208  0.542430  5594.95   25  0.001450   207.36    16.05
 end      84  0.263604  0.574963  5566.02   25  0.002605   207.27    28.93
          i   26    0.263604    0.251506
 sol      85  0.260974  0.604511  5536.19   26  0.002630   188.25    29.83
 sol      86  0.258025  0.634059  5502.29   27  0.002948   188.25    33.89
 sol      87  0.254765  0.663605  5464.11   27  0.003260   188.23    38.19
 end      88  0.251506  0.693170  5425.04   27  0.003259   188.36    39.07
          i   27    0.251506    0.229295
 sol      89  0.248008  0.723544  5382.31   29  0.003498   193.51    42.73
 sol      90  0.244363  0.754243  5336.83   30  0.003645   195.59    45.48
 sol      91  0.240662  0.784766  5289.64   31  0.003701   194.46    47.19
 sol      92  0.236911  0.815245  5240.75   32  0.003751   194.19    48.88
 sol      93  0.233116  0.845775  5190.20   33  0.003795   194.51    50.55
 end      94  0.229295  0.876287  5138.20   33  0.003820   194.39    52.00
          i   28    0.229295    0.140224
 sol      95  0.225346  0.907626  5083.27   35  0.003949   199.66    54.93
 sol      96  0.221405  0.938789  5027.25   36  0.003941   198.54    56.02
 sol      97  0.217440  0.970025  4969.71   37  0.003965   199.00    57.54
 sol      98  0.213578  1.001320  4912.44   39  0.003862   199.38    57.27
 sol      99  0.209659  1.032612  4853.14   40  0.003919   199.36    59.30
 sol     100  0.205719  1.063840  4792.37   41  0.003940   198.96    60.77
 sol     101  0.201752  1.095112  4730.02   42  0.003967   199.23    62.34
 sol     102  0.197840  1.126372  4667.40   44  0.003912   199.16    62.62
 sol     103  0.193930  1.157642  4603.64   45  0.003910   199.22    63.76
 sol     104  0.189977  1.188782  4538.12   46  0.003952   198.40    65.52
 sol     105  0.185993  1.220204  4471.00   48  0.003984   200.19    67.12
 sol     106  0.182059  1.251421  4403.59   49  0.003935   198.89    67.41
 sol     107  0.178036  1.282676  4333.68   50  0.004022   199.13    69.91
 sol     108  0.174029  1.314102  4262.99   52  0.004007   200.21    70.69
 sol     109  0.169973  1.345287  4190.43   53  0.004056   198.68    72.56
 sol     110  0.165913  1.376459  4116.84   55  0.004060   198.59    73.59
 sol     111  0.161772  1.407712  4040.80   56  0.004141   199.12    76.04
  drmax  111  0.162243  1.404237  4049.49   56  0.003670   176.98    67.34
 sol     112  0.157977  1.436187  3970.31   58  0.004266   203.55    79.18
  drmax  112  0.158573  1.431574  3981.44   57  0.003670   174.16    68.05
 sol     113  0.155025  1.458073  3914.94   59  0.003548   168.82    66.49
 sol     114  0.151399  1.484564  3846.34   60  0.003626   168.77    68.61
 sol     115  0.147714  1.511188  3775.98   62  0.003685   169.63    70.36
 sol     116  0.144014  1.537548  3704.68   63  0.003700   167.94    71.30
 end     117  0.140224  1.564036  3631.00   63  0.003790   168.75    73.68
          i   29    0.140224    0.134132
 sol     118  0.139838  1.594709  3621.59   66  0.000385   195.42     9.41
 sol     119  0.138888  1.625374  3598.38   66  0.000950   195.37    23.21
 sol     120  0.137561  1.656037  3565.96   67  0.001327   195.35    32.43
 sol     121  0.135955  1.686706  3526.67   68  0.001606   195.40    39.29
 end     122  0.134132  1.717373  3482.00   68  0.001823   195.38    44.67
          i   30    0.134132    0.062575
          caustic
 sol     123  0.134113  3.056917  2415.34   91  0.000019  8534.24     0.27
 sol     124  0.134052  3.025500  2414.47   91  0.000060  -200.16     0.86
 sol     125  0.133946  2.994091  2412.95   91  0.000106  -200.11     1.52
 sol     126  0.133788  2.962677  2410.70   91  0.000158  -200.13     2.26
 sol     127  0.133573  2.931297  2407.61   91  0.000215  -199.92     3.08
 sol     128  0.133291  2.899864  2403.58   91  0.000282  -200.26     4.03
 sol     129  0.132935  2.868450  2398.48   91  0.000356  -200.14     5.10
 sol     130  0.132494  2.837105  2392.16   91  0.000441  -199.70     6.32
 sol     131  0.131953  2.805678  2384.40   91  0.000541  -200.22     7.76
 sol     132  0.131299  2.774321  2375.00   91  0.000654  -199.78     9.40
 sol     133  0.130446  2.742846  2362.60   92  0.000853  -200.53    12.40
 sol     134  0.129447  2.711422  2348.04   92  0.000999  -200.20    14.56
 sol     135  0.128243  2.680004  2330.46   92  0.001204  -200.17    17.58
 sol     136  0.126650  2.648589  2306.96   93  0.001593  -200.14    23.51
 sol     137  0.124723  2.617059  2278.36   93  0.001927  -200.88    28.59
 sol     138  0.122020  2.585772  2237.71   94  0.002703  -199.33    40.65
 sol     139  0.118096  2.554417  2177.83   95  0.003924  -199.77    59.89
  dpmax  140  0.111727  2.528948  2078.17   97  0.006370  -162.26    99.65
  drmax  140  0.113850  2.535749  2111.70   97  0.004246  -118.93    66.13
  drmax  141  0.109603  2.525911  2044.27   98  0.004246   -62.68    67.43
 end     142  0.105357  2.522956  1975.60   98  0.004246   -18.83    68.67
 sol     143  0.090789  2.554761  1730.23  104  0.014568   202.63   245.37
  dpmax  143  0.096801  2.535883  1833.24  102  0.008556    82.36   142.36
  drmax  143  0.101079  2.527767  1905.04  101  0.004278    30.65    70.56
 sol     144  0.089858  2.558799  1714.07  105  0.011221   197.70   190.97
  dpmax  144  0.091453  2.552750  1741.70  104  0.009626   159.17   163.34
  drmax  144  0.096801  2.535883  1833.24  102  0.004278    51.71    71.80
 sol     145  0.088114  2.565532  1683.60  105  0.008686   188.89   149.64
  drmax  145  0.092523  2.549172  1760.18  104  0.004278    84.66    73.06
 sol     146  0.085649  2.576593  1640.23  106  0.006873   174.70   119.95
  drmax  146  0.088244  2.565074  1685.88  105  0.004278   101.32    74.30
 sol     147  0.081745  2.594819  1570.80  107  0.006499   189.50   115.08
  drmax  147  0.084577  2.580817  1621.29  106  0.003667   100.30    64.59
 sol     148  0.079443  2.607416  1529.37  108  0.005135   169.46    91.92
  drmax  148  0.080910  2.600142  1555.79  108  0.003667   123.12    65.50
 sol     149  0.075758  2.628685  1462.46  110  0.005152   181.84    93.33
  drmax  149  0.077243  2.620028  1489.51  109  0.003667   126.69    66.29
 sol     150  0.072049  2.651265  1394.30  111  0.005195   199.01    95.21
  drmax  150  0.073576  2.641099  1422.48  110  0.003667   134.25    67.03
 sol     151  0.069850  2.665349  1353.57  112  0.003726   154.49    68.91
 sol     152  0.066163  2.689533  1284.71  113  0.003687   154.08    68.86
 end     153  0.062575  2.713805  1217.10  113  0.003588   154.64    67.61
          i   31    0.062575    0.057872
 sol     154  0.062568  2.683393  1217.10  115  0.000008  -193.75     0.00
 sol     155  0.062545  2.653018  1217.10  115  0.000023  -193.52     0.00
 sol     156  0.062506  2.622616  1217.10  115  0.000039  -193.69     0.00
 sol     157  0.062451  2.592218  1217.10  115  0.000055  -193.67     0.00
 sol     158  0.062381  2.561818  1217.10  115  0.000070  -193.68     0.00
 sol     159  0.062294  2.531421  1217.10  115  0.000086  -193.66     0.00
 sol     160  0.062192  2.501021  1217.10  115  0.000103  -193.68     0.00
 sol     161  0.062073  2.470626  1217.10  115  0.000119  -193.65     0.00
 sol     162  0.061937  2.440229  1217.10  115  0.000135  -193.66     0.00
 sol     163  0.061786  2.409831  1217.10  115  0.000152  -193.67     0.00
 sol     164  0.061617  2.379434  1217.10  115  0.000169  -193.66     0.00
 sol     165  0.061432  2.349036  1217.10  115  0.000185  -193.66     0.00
 sol     166  0.061230  2.318639  1217.10  115  0.000202  -193.66     0.00
 sol     167  0.061009  2.288094  1217.10  115  0.000220  -194.60     0.00
 sol     168  0.060773  2.257713  1217.10  115  0.000236  -193.56     0.00
 sol     169  0.060520  2.227329  1217.10  115  0.000253  -193.57     0.00
 sol     170  0.060250  2.196947  1217.10  115  0.000270  -193.57     0.00
 sol     171  0.059963  2.166565  1217.10  115  0.000288  -193.57     0.00
 sol     172  0.059658  2.136181  1217.10  115  0.000305  -193.57     0.00
 sol     173  0.059335  2.105799  1217.10  115  0.000322  -193.57     0.00
 sol     174  0.058996  2.075417  1217.10  115  0.000340  -193.57     0.00
 sol     175  0.058639  2.045033  1217.10  115  0.000357  -193.58     0.00
 sol     176  0.058264  2.014651  1217.10  115  0.000375  -193.56     0.00
 end     177  0.057872  1.984267  1217.10  115  0.000392  -193.57     0.00
          i   32    0.057872    0.000000
 sol     178  0.057865  2.015557  1216.94  116  0.000008   199.34     0.16
 sol     179  0.057840  2.046802  1216.44  116  0.000024   199.06     0.50
 sol     180  0.057797  2.078060  1215.56  116  0.000043   199.15     0.89
 sol     181  0.057732  2.109379  1214.23  116  0.000065   199.53     1.33
 sol     182  0.057643  2.140644  1212.40  116  0.000089   199.19     1.83
 sol     183  0.057526  2.171935  1210.00  116  0.000117   199.35     2.41
 sol     184  0.057376  2.203206  1206.92  116  0.000150   199.23     3.08
 sol     185  0.057187  2.234500  1203.04  116  0.000189   199.38     3.87
 sol     186  0.056953  2.265772  1198.24  116  0.000234   199.24     4.80
 sol     187  0.056665  2.297055  1192.34  116  0.000288   199.30     5.91
 sol     188  0.056313  2.328339  1185.12  116  0.000352   199.31     7.22
 sol     189  0.055884  2.359614  1176.33  116  0.000428   199.26     8.79
 sol     190  0.055367  2.390899  1165.71  117  0.000517   199.32    10.61
 sol     191  0.054750  2.422173  1153.01  117  0.000618   199.24    12.70
 sol     192  0.054002  2.453450  1137.63  117  0.000748   199.27    15.38
 sol     193  0.053104  2.484739  1119.15  117  0.000898   199.34    18.48
 sol     194  0.052061  2.516014  1097.63  118  0.001043   199.25    21.52
 sol     195  0.050812  2.547414  1071.84  118  0.001250   200.05    25.80
 sol     196  0.049397  2.578573  1042.57  119  0.001415   198.52    29.27
 sol     197  0.047760  2.609849  1008.67  120  0.001636   199.26    33.89
 sol     198  0.045899  2.641279   970.03  120  0.001862   200.24    38.64
 sol     199  0.043870  2.672445   927.83  121  0.002029   198.56    42.20
 sol     200  0.041645  2.703686   881.43  122  0.002225   199.04    46.40
 sol     201  0.039230  2.735110   830.96  123  0.002415   200.20    50.47
 sol     202  0.036681  2.766258   777.57  124  0.002549   198.45    53.39
 sol     203  0.033975  2.797649   720.77  125  0.002706   199.99    56.80
 sol     204  0.031177  2.828756   661.91  126  0.002798   198.18    58.87
 sol     205  0.028281  2.860220   600.82  128  0.002897   200.45    61.08
 sol     206  0.025306  2.891466   537.98  129  0.002974   199.07    62.84
 sol     207  0.022266  2.922636   473.63  130  0.003040   198.58    64.36
 sol     208  0.019166  2.953829   407.89  131  0.003101   198.73    65.74
 sol     209  0.016024  2.985343   341.17  133  0.003142   200.77    66.72
 sol     210  0.012854  3.016569   273.79  134  0.003169   198.94    67.38
 sol     211  0.009668  3.047658   205.98  135  0.003186   198.06    67.80
 sol     212  0.006457  3.079045   137.60  137  0.003211   199.97    68.38
 sol     213  0.003229  3.110322    68.83  138  0.003227   199.26    68.77
 end     214  0.000000  3.141593     0.00  138  0.003229   199.23    68.83
          i    1    1.000000    0.996861
 first     1  1.000000 -0.000000  6371.00
 sol       2  0.999874  0.031686  6370.20    1  0.000126   201.87     0.80
 sol       3  0.999498  0.063387  6367.80    1  0.000377   201.97     2.40
 sol       4  0.998870  0.095084  6363.80    1  0.000628   201.94     4.00
 sol       5  0.997991  0.126799  6358.20    1  0.000879   202.05     5.60
 end       6  0.996861  0.158517  6351.00    1  0.001130   202.07     7.20
          i    2    0.996861    0.893187
 sol       7  0.996729  0.129325  6351.00    2  0.000131  -185.98     0.00
 sol       8  0.996156  0.100196  6351.00    2  0.000574  -185.58     0.00
 sol       9  0.994384  0.071048  6351.00    2  0.001772  -185.70     0.00
 sol      10  0.987261  0.041792  6351.00    2  0.007123  -186.39     0.00
  dpmax   11  0.977853  0.030516  6351.00    2  0.009407   -71.84     0.00
  dpmax   12  0.968446  0.025086  6351.00    2  0.009407   -34.59     0.00
  dpmax   13  0.959039  0.021723  6351.00    2  0.009407   -21.43     0.00
  dpmax   14  0.949631  0.019371  6351.00    2  0.009407   -14.98     0.00
  dpmax   15  0.940224  0.017603  6351.00    2  0.009407   -11.26     0.00
  dpmax   16  0.930817  0.016208  6351.00    2  0.009407    -8.89     0.00
  dpmax   17  0.921409  0.015069  6351.00    2  0.009407    -7.26     0.00
  dpmax   18  0.912002  0.014114  6351.00    2  0.009407    -6.08     0.00
  dpmax   19  0.902595  0.013298  6351.00    2  0.009407    -5.20     0.00
 end      20  0.893187  0.012589  6351.00    2  0.009407    -4.52     0.00
          i    3    0.893187    0.891078
 sol      21  0.893103  0.040059  6350.40    3  0.000084   175.01     0.60
 sol      22  0.892850  0.067553  6348.60    3  0.000253   175.16     1.80
 sol      23  0.892428  0.095021  6345.60    3  0.000422   175.00     3.00
 sol      24  0.891837  0.122483  6341.40    3  0.000591   174.96     4.20
 end      25  0.891078  0.149926  6336.00    3  0.000759   174.84     5.40
          i    4    0.891078    0.747548
 sol      26  0.890976  0.122920  6336.00    4  0.000102  -172.05     0.00
 sol      27  0.890504  0.095708  6336.00    4  0.000471  -173.37     0.00
 sol      28  0.888912  0.068590  6336.00    4  0.001592  -172.77     0.00
 sol      29  0.881014  0.041501  6336.00    4  0.007899  -172.59     0.00
  dpmax   30  0.871480  0.032851  6336.00    4  0.009533   -55.11     0.00
  dpmax   31  0.861947  0.028475  6336.00    4  0.009533   -27.88     0.00
  dpmax   32  0.852414  0.025627  6336.00    4  0.009533   -18.14     0.00
  dpmax   33  0.842881  0.023541  6336.00    4  0.009533   -13.29     0.00
  dpmax   34  0.833347  0.021905  6336.00    4  0.009533   -10.43     0.00
  dpmax   35  0.823814  0.020563  6336.00    4  0.009533    -8.55     0.00
  dpmax   36  0.814281  0.019429  6336.00    4  0.009533    -7.23     0.00
  dpmax   37  0.804748  0.018447  6336.00    4  0.009533    -6.26     0.00
  dpmax   38  0.795214  0.017583  6336.00    4  0.009533    -5.50     0.00
  dpmax   39  0.785681  0.016812  6336.00    4  0.009533    -4.91     0.00
  dpmax   40  0.776148  0.016116  6336.00    4  0.009533    -4.43     0.00
  dpmax   41  0.766615  0.015482  6336.00    4  0.009533    -4.04     0.00
  dpmax   42  0.757081  0.014901  6336.00    4  0.009533    -3.70     0.00
 end      43  0.747548  0.014364  6336.00    4  0.009533    -3.42     0.00
          i    5    0.747548    0.732603
 sol      44  0.747364  0.044040  6334.96    5  0.000185   189.07     1.04
 sol      45  0.746810  0.073669  6331.82    5  0.000553   188.77     3.13
 sol      46  0.745880  0.103498  6326.56    5  0.000930   190.04     5.27
 sol      47  0.744582  0.133203  6319.20    5  0.001298   189.25     7.35
 sol      48  0.742912  0.162915  6309.74    5  0.001670   189.29     9.47
 sol      49  0.740872  0.192616  6298.16    5  0.002040   189.23    11.58
 sol      50  0.738487  0.222302  6284.59    6  0.002385   189.13    13.57
 sol      51  0.735740  0.251898  6268.92    6  0.002747   188.56    15.67
 end      52  0.732603  0.281695  6251.00    6  0.003137   189.84    17.92
          i    6    0.732603    0.719178
 sol      53  0.730997  0.310767  6240.26    8  0.001606   185.22    10.74
 sol      54  0.728544  0.339834  6223.85    8  0.002453   185.18    16.41
 sol      55  0.725714  0.368891  6204.90    9  0.002830   185.13    18.95
 sol      56  0.722592  0.397970  6183.94    9  0.003122   185.26    20.96
 end      57  0.719178  0.427035  6161.00    9  0.003413   185.17    22.94
          i    7    0.719178    0.718541
 sol      58  0.719032  0.396555  6161.00   10  0.000146  -194.18     0.00
 end      59  0.718541  0.366100  6161.00   10  0.000491  -194.03     0.00
          i    8    0.718541    0.645539
  dpmax   60  0.709415  0.336724  6137.46   11  0.009125  -187.16    23.54
 sol      61  0.668215  0.367472  6026.25   13  0.041201   195.90   111.21
  dpmax   61  0.700290  0.334218  6113.70   11  0.009125   -15.97    23.76
 sol      62  0.718541  0.366100  6161.00   11 -0.018250   203.12   -47.30
  dpmax   62  0.691165  0.341105  6089.33   12  0.009125    43.88    24.38
 sol      63  0.666344  0.369790  6021.00   13  0.024821   182.75    68.33
  dpmax   63  0.682040  0.349961  6064.67   12  0.009125    56.42    24.65
 sol      64  0.662953  0.373995  6011.45   13  0.019087   153.12    53.22
  dpmax   64  0.672915  0.361650  6039.39   13  0.009125    74.47    25.28
  dpmax   65  0.663790  0.372956  6013.81   13  0.009125    72.03    25.59
  dpmax   66  0.654665  0.386070  5987.56   14  0.009125    83.55    26.25
 end      67  0.645539  0.398167  5961.00   14  0.009125    77.07    26.56
          i    9    0.645539    0.620072
 sol      68  0.644807  0.368954  5961.00   15  0.000732  -186.12     0.00
 sol      69  0.642395  0.339719  5961.00   15  0.002413  -186.25     0.00
 sol      70  0.637893  0.310488  5961.00   15  0.004502  -186.23     0.00
 sol      71  0.630727  0.281258  5961.00   15  0.007166  -186.23     0.00
  dpmax   72  0.625399  0.265275  5961.00   15  0.005328  -101.83     0.00
 end      73  0.620072  0.252028  5961.00   15  0.005328   -84.39     0.00
          i   10    0.620072    0.579310
 sol      74  0.619069  0.282680  5958.21   16  0.001003   195.28     2.79
 sol      75  0.615328  0.313461  5947.77   16  0.003741   196.10    10.44
 sol      76  0.607467  0.344207  5925.69   16  0.007861   195.88    22.08
 sol      77  0.595272  0.374937  5890.61   17  0.012195   195.78    35.08
  dpmax   77  0.598082  0.368782  5898.80   17  0.009386   156.57    26.88
  dpmax   78  0.588696  0.387848  5871.31   17  0.009386   121.47    27.49
 end      79  0.579310  0.405665  5843.16   17  0.009386   113.51    28.15
          i   11    0.579310    0.577492
 end      80  0.577492  0.408816  5837.63   18  0.001819    20.07     5.53
          i   12    0.577492    0.537845
 sol      81  0.558289  0.440715  5777.81   19  0.019203   203.22    59.82
  dpmax   81  0.567580  0.425533  5807.19   19  0.009912   106.50    30.44
 sol      82  0.552882  0.449046  5760.55   20  0.014698   149.80    46.64
  dpmax   82  0.557668  0.441661  5775.83   19  0.009912   102.75    31.35
  dpmax   83  0.547756  0.457809  5743.77   20  0.009912   102.88    32.07
 end      84  0.537845  0.472566  5711.00   20  0.009912    94.02    32.77
          i   13    0.537845    0.515300
 sol      85  0.537174  0.442239  5711.00   21  0.000670  -193.21     0.00
 sol      86  0.534977  0.411895  5711.00   21  0.002198  -193.32     0.00
 sol      87  0.530911  0.381552  5711.00   21  0.004066  -193.31     0.00
 sol      88  0.524538  0.351211  5711.00   21  0.006373  -193.30     0.00
 end      89  0.515300  0.320872  5711.00   21  0.009238  -193.29     0.00
          i   14    0.515300    0.514083
 end      90  0.514083  0.317541  5711.00   21  0.001217   -21.22     0.00
          i   15    0.514083    0.506204
 end      91  0.506204  0.298401  5711.00   22  0.007879  -121.94     0.00
          i   16    0.506204    0.476559
 sol      92  0.505436  0.328643  5708.49   22  0.000769   192.67     2.51
 sol      93  0.502723  0.358975  5699.60   22  0.002713   193.25     8.89
 sol      94  0.497292  0.389280  5681.70   22  0.005430   193.07    17.90
 sol      95  0.488710  0.419574  5652.95   23  0.008582   193.00    28.74
  dpmax   96  0.482635  0.436021  5632.07   23  0.006076   104.79    20.88
 end      97  0.476559  0.449875  5611.00   23  0.006076    88.26    21.07
          i   17    0.476559    0.415615
 sol      98  0.475981  0.480361  5606.97   25  0.000578   194.22     4.03
 sol      99  0.474409  0.510829  5595.98   25  0.001572   194.12    10.99
 sol     100  0.472013  0.541307  5579.20   25  0.002396   194.17    16.78
 sol     101  0.469011  0.571780  5558.07   26  0.003002   194.14    21.13
 sol     102  0.465517  0.602257  5533.04   26  0.003494   194.17    25.03
 sol     103  0.461597  0.632728  5504.74   27  0.003920   194.13    28.30
 sol     104  0.457245  0.663202  5472.81   27  0.004352   194.15    31.93
 sol     105  0.452732  0.693686  5439.20   28  0.004512   194.21    33.61
 sol     106  0.447902  0.724195  5402.73   29  0.004830   194.37    36.46
 sol     107  0.442750  0.754581  5363.23   30  0.005152   193.59    39.51
 sol     108  0.437555  0.785152  5322.60   30  0.005196   194.77    40.63
 sol     109  0.432254  0.815595  5280.49   31  0.005301   193.95    42.11
 sol     110  0.426808  0.846080  5236.51   32  0.005446   194.22    43.98
 sol     111  0.421234  0.876666  5190.74   33  0.005573   194.86    45.77
 end     112  0.415615  0.907021  5143.82   33  0.005620   193.39    46.92
          i   18    0.415615    0.409529
 end     113  0.409529  0.939417  5092.12   35  0.006086   206.40    51.69
          i   19    0.409529    0.391475
 sol     114  0.403568  0.970821  5040.61   36  0.005961   200.07    51.52
 sol     115  0.397545  1.002238  4987.69   37  0.006022   200.16    52.92
 end     116  0.391475  1.033622  4933.48   37  0.006070   199.94    54.21
          i   20    0.391475    0.348148
 sol     117  0.385402  1.064765  4878.38   39  0.006074   198.41    55.10
 sol     118  0.379278  1.095904  4821.98   40  0.006123   198.38    56.40
 sol     119  0.373203  1.127178  4765.17   42  0.006075   199.25    56.82
 sol     120  0.367070  1.158262  4706.98   43  0.006133   198.04    58.19
 sol     121  0.360839  1.189424  4647.06   44  0.006231   198.53    59.92
 sol     122  0.354532  1.220585  4585.62   45  0.006307   198.53    61.44
 end     123  0.348148  1.251742  4522.67   45  0.006384   198.50    62.96
          i   21    0.348148    0.335872
 sol     124  0.342061  1.281855  4461.87   48  0.006088   191.85    60.80
 end     125  0.335872  1.311675  4399.40   48  0.006188   189.99    62.47
          i   22    0.335872    0.295287
 sol     126  0.329361  1.342525  4332.99   50  0.006512   196.55    66.41
 sol     127  0.322758  1.373751  4264.95   52  0.006603   198.94    68.04
 sol     128  0.316072  1.404681  4195.38   53  0.006686   197.05    69.57
 sol     129  0.309271  1.435627  4124.00   55  0.006800   197.16    71.38
 sol     130  0.302360  1.466629  4050.81   56  0.006912   197.51    73.19
  drmax  131  0.295287  1.497617  3975.34   58  0.007072   197.42    75.47
 end     131  0.295287  1.497617  3975.34   58  0.007072   197.42    75.47
          i   23    0.295287    0.279140
 sol     132  0.287314  1.531832  3889.59   59  0.007973   217.98    85.75
  drmax  132  0.289905  1.520850  3917.52   59  0.005382   148.02    57.82
 sol     133  0.284570  1.543448  3859.92   60  0.005334   143.97    57.60
 end     134  0.279140  1.566044  3801.01   60  0.005430   143.96    58.92
          i   24    0.279140    0.267659
 sol     135  0.273428  1.589371  3738.74   62  0.005712   148.61    62.26
 end     136  0.267659  1.612491  3675.57   62  0.005769   147.30    63.18
          i   25    0.267659    0.263604
 end     137  0.263604  1.628483  3631.00   65  0.004055   101.89    44.57
          i   26    0.263604    0.251506
 sol     138  0.262052  1.654363  3611.97   66  0.001551   164.88    19.03
 sol     139  0.259072  1.680206  3575.35   67  0.002981   164.64    36.61
 sol     140  0.255469  1.706055  3530.97   68  0.003603   164.68    44.38
 end     141  0.251506  1.731947  3482.00   68  0.003963   164.96    48.97
          i   27    0.251506    0.229295
 sol     142  0.251466  1.700260  3482.00   69  0.000040  -201.87     0.00
 sol     143  0.251343  1.668582  3482.00   69  0.000123  -201.82     0.00
 sol     144  0.251133  1.636892  3482.00   69  0.000210  -201.90     0.00
 sol     145  0.250831  1.605207  3482.00   69  0.000301  -201.87     0.00
 sol     146  0.250434  1.573518  3482.00   69  0.000397  -201.89     0.00
 sol     147  0.249936  1.541836  3482.00   69  0.000498  -201.84     0.00
 sol     148  0.249332  1.510150  3482.00   69  0.000604  -201.87     0.00
 sol     149  0.248617  1.478464  3482.00   69  0.000715  -201.87     0.00
 sol     150  0.247787  1.446779  3482.00   69  0.000831  -201.86     0.00
 sol     151  0.246834  1.415094  3482.00   69  0.000953  -201.87     0.00
 sol     152  0.245754  1.383408  3482.00   69  0.001080  -201.87     0.00
 sol     153  0.244541  1.351722  3482.00   69  0.001213  -201.87     0.00
 sol     154  0.243188  1.320037  3482.00   69  0.001352  -201.86     0.00
 sol     155  0.241691  1.288352  3482.00   69  0.001498  -201.87     0.00
 sol     156  0.240041  1.256667  3482.00   69  0.001649  -201.86     0.00
 sol     157  0.238234  1.224981  3482.00   69  0.001807  -201.87     0.00
 sol     158  0.236263  1.193296  3482.00   69  0.001972  -201.87     0.00
 sol     159  0.234120  1.161611  3482.00   69  0.002143  -201.86     0.00
 sol     160  0.231790  1.129802  3482.00   69  0.002330  -202.66     0.00
 end     161  0.229295  1.098240  3482.00   69  0.002495  -201.08     0.00
          i   28    0.229295    0.140224
 sol     162  0.229207  1.128844  3481.24   70  0.000088   194.98     0.76
 sol     163  0.228914  1.159615  3478.69   70  0.000293   196.04     2.55
 sol     164  0.228362  1.190340  3473.88   70  0.000552   195.75     4.81
 sol     165  0.227473  1.221050  3466.13   70  0.000890   195.65     7.76
 sol     166  0.226131  1.251760  3454.40   70  0.001342   195.65    11.73
 sol     167  0.224164  1.282481  3437.17   70  0.001966   195.72    17.23
 sol     168  0.221637  1.313168  3414.61   71  0.002527   195.51    22.56
 sol     169  0.218008  1.343866  3381.87   71  0.003629   195.58    32.74
 sol     170  0.213737  1.374716  3342.33   72  0.004271   196.54    39.54
 sol     171  0.208708  1.405192  3294.69   73  0.005029   194.16    47.64
 sol     172  0.203042  1.435926  3239.51   74  0.005666   195.81    55.18
 sol     173  0.197088  1.466731  3179.74   76  0.005954   196.25    59.77
 sol     174  0.191351  1.497409  3120.19   77  0.005737   195.45    59.55
 sol     175  0.185489  1.528006  3057.45   78  0.005862   194.94    62.74
 sol     176  0.179634  1.558794  2992.84   79  0.005855   196.15    64.62
 sol     177  0.173945  1.589645  2928.14   81  0.005689   196.55    64.70
 sol     178  0.168790  1.620170  2867.65   82  0.005155   194.47    60.49
 sol     179  0.163589  1.650911  2804.93   83  0.005201   195.85    62.72
 sol     180  0.158516  1.681602  2742.11   84  0.005073   195.53    62.82
 sol     181  0.153590  1.712276  2679.52   85  0.004926   195.43    62.60
 sol     182  0.149068  1.743070  2620.54   87  0.004522   196.19    58.98
 sol     183  0.144603  1.773737  2560.88   88  0.004466   195.38    59.65
 end     184  0.140224  1.804440  2501.06   88  0.004379   195.61    59.83
          i   29    0.140224    0.134132
 sol     185  0.137152  1.826795  2458.30   90  0.003071   142.42    42.75
 end     186  0.134132  1.849077  2415.61   90  0.003021   141.96    42.69
          i   30    0.134132    0.062575
 sol     187  0.130110  1.879672  2357.70   92  0.004022   194.92    57.91
 sol     188  0.126204  1.910060  2300.35   93  0.003906   193.60    57.35
 sol     189  0.122377  1.940556  2243.10   94  0.003827   194.29    57.26
 sol     190  0.118642  1.971035  2186.20   95  0.003735   194.18    56.89
 sol     191  0.114997  2.001499  2129.71   96  0.003645   194.09    56.50
 sol     192  0.111434  2.031976  2073.55   97  0.003563   194.17    56.16
 sol     193  0.108068  2.062488  2019.62   99  0.003366   194.39    53.92
 sol     194  0.104706  2.093123  1964.94  100  0.003362   195.18    54.68
 sol     195  0.101407  2.123614  1910.50  101  0.003299   194.26    54.44
 sol     196  0.098173  2.153990  1856.40  102  0.003234   193.53    54.10
 sol     197  0.094974  2.184539  1802.18  103  0.003199   194.62    54.22
 sol     198  0.091837  2.214991  1748.33  104  0.003137   194.01    53.85
 sol     199  0.088744  2.245477  1694.61  105  0.003092   194.23    53.72
 sol     200  0.085696  2.275974  1641.05  106  0.003048   194.30    53.56
 sol     201  0.082693  2.306445  1587.71  107  0.003003   194.13    53.34
 sol     202  0.079725  2.336946  1534.45  108  0.002967   194.32    53.25
 sol     203  0.076798  2.367414  1481.41  109  0.002928   194.11    53.05
 sol     204  0.073898  2.397931  1428.38  110  0.002900   194.42    53.03
 sol     205  0.071033  2.428398  1375.54  111  0.002865   194.11    52.84
 sol     206  0.068189  2.458925  1322.65  112  0.002844   194.49    52.89
 sol     207  0.065374  2.489406  1269.90  113  0.002815   194.19    52.75
 end     208  0.062575  2.519920  1217.10  113  0.002798   194.40    52.80
          i   31    0.062575    0.057872
 sol     209  0.062567  2.488978  1217.10  115  0.000008  -197.13     0.00
 sol     210  0.062543  2.458025  1217.10  115  0.000024  -197.21     0.00
 sol     211  0.062503  2.427092  1217.10  115  0.000041  -197.07     0.00
 sol     212  0.062446  2.396153  1217.10  115  0.000057  -197.11     0.00
 sol     213  0.062372  2.365209  1217.10  115  0.000074  -197.15     0.00
 sol     214  0.062280  2.334269  1217.10  115  0.000091  -197.12     0.00
 sol     215  0.062172  2.303325  1217.10  115  0.000109  -197.14     0.00
 sol     216  0.062046  2.272381  1217.10  115  0.000126  -197.14     0.00
 sol     217  0.061901  2.241440  1217.10  115  0.000144  -197.13     0.00
 sol     218  0.061739  2.210498  1217.10  115  0.000162  -197.13     0.00
 sol     219  0.061558  2.179556  1217.10  115  0.000181  -197.13     0.00
 sol     220  0.061359  2.148613  1217.10  115  0.000199  -197.14     0.00
 sol     221  0.061141  2.117670  1217.10  115  0.000218  -197.14     0.00
 sol     222  0.060903  2.086729  1217.10  115  0.000237  -197.13     0.00
 sol     223  0.060647  2.055786  1217.10  115  0.000257  -197.14     0.00
 sol     224  0.060370  2.024846  1217.10  115  0.000276  -197.12     0.00
 sol     225  0.060074  1.993903  1217.10  115  0.000296  -197.14     0.00
 sol     226  0.059757  1.962816  1217.10  115  0.000317  -198.06     0.00
 sol     227  0.059421  1.931899  1217.10  115  0.000336  -196.97     0.00
 sol     228  0.059065  1.900984  1217.10  115  0.000356  -196.96     0.00
 sol     229  0.058688  1.870071  1217.10  115  0.000377  -196.95     0.00
 sol     230  0.058290  1.839159  1217.10  115  0.000397  -196.94     0.00
 end     231  0.057872  1.808251  1217.10  115  0.000418  -196.91     0.00
          i   32    0.057872    0.000000
 sol     232  0.057865  1.839279  1216.94  116  0.000008   197.68     0.16
 sol     233  0.057841  1.870131  1216.46  116  0.000024   196.56     0.49
 sol     234  0.057799  1.901247  1215.59  116  0.000042   198.24     0.87
 sol     235  0.057736  1.932278  1214.31  116  0.000063   197.70     1.28
 sol     236  0.057650  1.963282  1212.55  116  0.000086   197.53     1.76
 sol     237  0.057538  1.994300  1210.24  116  0.000112   197.62     2.31
 sol     238  0.057395  2.025311  1207.31  116  0.000143   197.57     2.93
 sol     239  0.057217  2.056309  1203.67  116  0.000178   197.49     3.65
 sol     240  0.056999  2.087319  1199.19  116  0.000218   197.56     4.48
 sol     241  0.056733  2.118330  1193.74  116  0.000265   197.57     5.44
 sol     242  0.056413  2.149340  1187.18  116  0.000320   197.57     6.56
 sol     243  0.056030  2.180346  1179.33  116  0.000383   197.54     7.86
 sol     244  0.055574  2.211360  1169.97  116  0.000456   197.59     9.36
 sol     245  0.055043  2.242360  1159.05  117  0.000531   197.51    10.91
 sol     246  0.054417  2.273374  1146.16  117  0.000627   197.59    12.90
 sol     247  0.053683  2.304378  1131.06  117  0.000734   197.53    15.09
 sol     248  0.052839  2.335374  1113.69  118  0.000844   197.48    17.37
 sol     249  0.051880  2.366389  1093.89  118  0.000959   197.60    19.79
 sol     250  0.050781  2.397429  1071.20  118  0.001100   197.75    22.70
 sol     251  0.049572  2.428412  1046.20  119  0.001208   197.40    24.99
 sol     252  0.048212  2.459417  1018.03  119  0.001361   197.53    28.17
 sol     253  0.046743  2.490546   987.56  120  0.001469   198.32    30.47
 sol     254  0.045149  2.521572   954.44  121  0.001594   197.67    33.12
 sol     255  0.043439  2.552389   918.86  121  0.001709   196.33    35.58
 sol     256  0.041627  2.583572   881.05  122  0.001813   198.67    37.81
 sol     257  0.039730  2.614500   841.43  123  0.001896   197.04    39.62
 sol     258  0.037742  2.645472   799.82  124  0.001988   197.32    41.61
 sol     259  0.035669  2.676509   756.35  125  0.002073   197.74    43.47
 sol     260  0.033533  2.707339   711.49  125  0.002135   196.42    44.85
 sol     261  0.031337  2.738450   665.28  126  0.002196   198.21    46.22
 sol     262  0.029099  2.769417   618.09  127  0.002239   197.29    47.19
 sol     263  0.026810  2.800436   569.77  128  0.002288   197.62    48.32
 sol     264  0.024475  2.831544   520.39  129  0.002335   198.19    49.38
 sol     265  0.022107  2.862622   470.26  130  0.002368   198.00    50.13
 sol     266  0.019720  2.893581   419.64  131  0.002388   197.24    50.62
 sol     267  0.017308  2.924522   368.46  132  0.002411   197.13    51.18
 sol     268  0.014871  2.955529   316.68  133  0.002437   197.54    51.78
 sol     269  0.012418  2.986527   264.50  134  0.002454   197.49    52.18
 sol     270  0.009950  3.017531   211.98  135  0.002468   197.53    52.52
 sol     271  0.007471  3.048540   159.19  136  0.002479   197.56    52.79
 sol     272  0.004983  3.079554   106.21  137  0.002487   197.59    52.99
 sol     273  0.002491  3.110571    53.10  138  0.002492   197.61    53.11
 end     274  0.000000  3.141593     0.00  138  0.002491   197.64    53.10
