
     1    1.000000
     2    0.999874    1.26E-04
     3    0.999498    3.77E-04
     4    0.998870    6.28E-04
     5    0.997991    8.79E-04
     6    0.996861    1.13E-03
     7    0.996729    1.31E-04
     8    0.996156    5.74E-04
     9    0.994384    1.77E-03
    10    0.987261    7.12E-03
    11    0.977853    9.41E-03
    12    0.968446    9.41E-03
    13    0.959039    9.41E-03
    14    0.949631    9.41E-03
    15    0.940224    9.41E-03
    16    0.930817    9.41E-03
    17    0.921409    9.41E-03
    18    0.912002    9.41E-03
    19    0.902595    9.41E-03
    20    0.893187    9.41E-03
    21    0.893103    8.44E-05
    22    0.892850    2.53E-04
    23    0.892428    4.22E-04
    24    0.891837    5.91E-04
    25    0.891078    7.59E-04
    26    0.890976    1.02E-04
    27    0.890504    4.71E-04
    28    0.888912    1.59E-03
    29    0.881014    7.90E-03
    30    0.871480    9.53E-03
    31    0.861947    9.53E-03
    32    0.852414    9.53E-03
    33    0.842881    9.53E-03
    34    0.833347    9.53E-03
    35    0.823814    9.53E-03
    36    0.814281    9.53E-03
    37    0.804748    9.53E-03
    38    0.795214    9.53E-03
    39    0.785681    9.53E-03
    40    0.776148    9.53E-03
    41    0.766615    9.53E-03
    42    0.757081    9.53E-03
    43    0.747548    9.53E-03
    44    0.747364    1.85E-04
    45    0.746810    5.53E-04
    46    0.745880    9.30E-04
    47    0.744582    1.30E-03
    48    0.742912    1.67E-03
    49    0.740872    2.04E-03
    50    0.738487    2.38E-03
    51    0.735740    2.75E-03
    52    0.732603    3.14E-03
    53    0.730997    1.61E-03
    54    0.728544    2.45E-03
    55    0.725714    2.83E-03
    56    0.722592    3.12E-03
    57    0.719178    3.41E-03
    58    0.719032    1.46E-04
    59    0.718541    4.91E-04
    60    0.709415    9.13E-03
    61    0.700290    9.13E-03
    62    0.691165    9.13E-03
    63    0.682040    9.13E-03
    64    0.672915    9.13E-03
    65    0.663790    9.13E-03
    66    0.654665    9.13E-03
    67    0.645539    9.13E-03
    68    0.644807    7.32E-04
    69    0.642395    2.41E-03
    70    0.637893    4.50E-03
    71    0.630727    7.17E-03
    72    0.625399    5.33E-03
    73    0.620072    5.33E-03
    74    0.619069    1.00E-03
    75    0.615328    3.74E-03
    76    0.607467    7.86E-03
    77    0.598082    9.39E-03
    78    0.588696    9.39E-03
    79    0.579310    9.39E-03
    80    0.579238    7.27E-05
    81    0.579019    2.18E-04
    82    0.578656    3.64E-04
    83    0.578147    5.09E-04
    84    0.577492    6.55E-04
    85    0.577420    7.22E-05
    86    0.577108    3.12E-04
    87    0.576167    9.41E-04
    88    0.572655    3.51E-03
    89    0.563953    8.70E-03
    90    0.555250    8.70E-03
    91    0.546547    8.70E-03
    92    0.537845    8.70E-03
    93    0.537174    6.70E-04
    94    0.534977    2.20E-03
    95    0.530911    4.07E-03
    96    0.524538    6.37E-03
    97    0.515300    9.24E-03
    98    0.515252    4.87E-05
    99    0.515106    1.46E-04
   100    0.514862    2.43E-04
   101    0.514521    3.41E-04
   102    0.514083    4.38E-04
   103    0.514019    6.47E-05
   104    0.513716    3.03E-04
   105    0.512626    1.09E-03
   106    0.506204    6.42E-03
   107    0.505436    7.69E-04
   108    0.502723    2.71E-03
   109    0.497292    5.43E-03
   110    0.488710    8.58E-03
   111    0.482635    6.08E-03
   112    0.476559    6.08E-03
   113    0.475981    5.78E-04
   114    0.474409    1.57E-03
   115    0.472013    2.40E-03
   116    0.469011    3.00E-03
   117    0.465517    3.49E-03
   118    0.461597    3.92E-03
   119    0.457245    4.35E-03
   120    0.452732    4.51E-03
   121    0.447902    4.83E-03
   122    0.442750    5.15E-03
   123    0.437555    5.20E-03
   124    0.432254    5.30E-03
   125    0.426808    5.45E-03
   126    0.421234    5.57E-03
   127    0.415615    5.62E-03
   128    0.415554    6.09E-05
   129    0.415371    1.83E-04
   130    0.415067    3.04E-04
   131    0.414641    4.26E-04
   132    0.414093    5.48E-04
   133    0.413424    6.69E-04
   134    0.412633    7.91E-04
   135    0.411720    9.13E-04
   136    0.410685    1.03E-03
   137    0.409529    1.16E-03
   138    0.409410    1.19E-04
   139    0.408866    5.44E-04
   140    0.405016    3.85E-03
   141    0.398246    6.77E-03
   142    0.391475    6.77E-03
   143    0.385402    6.07E-03
   144    0.379278    6.12E-03
   145    0.373203    6.08E-03
   146    0.367070    6.13E-03
   147    0.360839    6.23E-03
   148    0.354532    6.31E-03
   149    0.348148    6.38E-03
   150    0.347579    5.69E-04
   151    0.345659    1.92E-03
   152    0.341965    3.69E-03
   153    0.335872    6.09E-03
   154    0.335448    4.24E-04
   155    0.333946    1.50E-03
   156    0.330964    2.98E-03
   157    0.326301    4.66E-03
   158    0.319967    6.33E-03
   159    0.312519    7.45E-03
   160    0.304197    8.32E-03
   161    0.295287    8.91E-03
   162    0.294983    3.04E-04
   163    0.293985    9.98E-04
   164    0.292137    1.85E-03
   165    0.289234    2.90E-03
   166    0.285014    4.22E-03
   167    0.279140    5.87E-03
   168    0.278966    1.74E-04
   169    0.278404    5.62E-04
   170    0.277387    1.02E-03
   171    0.275840    1.55E-03
   172    0.273690    2.15E-03
   173    0.271027    2.66E-03
   174    0.267659    3.37E-03
   175    0.266208    1.45E-03
   176    0.263604    2.60E-03
   177    0.262052    1.55E-03
   178    0.259072    2.98E-03
   179    0.255469    3.60E-03
   180    0.251506    3.96E-03
   181    0.251466    4.02E-05
   182    0.251343    1.23E-04
   183    0.251133    2.10E-04
   184    0.250831    3.01E-04
   185    0.250434    3.97E-04
   186    0.249936    4.98E-04
   187    0.249332    6.04E-04
   188    0.248617    7.15E-04
   189    0.247787    8.31E-04
   190    0.246834    9.53E-04
   191    0.245754    1.08E-03
   192    0.244541    1.21E-03
   193    0.243188    1.35E-03
   194    0.241691    1.50E-03
   195    0.240041    1.65E-03
   196    0.238234    1.81E-03
   197    0.236263    1.97E-03
   198    0.234120    2.14E-03
   199    0.231790    2.33E-03
   200    0.229295    2.50E-03
   201    0.229207    8.77E-05
   202    0.228914    2.93E-04
   203    0.228362    5.52E-04
   204    0.227473    8.90E-04
   205    0.226131    1.34E-03
   206    0.224164    1.97E-03
   207    0.221637    2.53E-03
   208    0.218008    3.63E-03
   209    0.213737    4.27E-03
   210    0.208708    5.03E-03
   211    0.203042    5.67E-03
   212    0.197088    5.95E-03
   213    0.191351    5.74E-03
   214    0.185489    5.86E-03
   215    0.179634    5.86E-03
   216    0.173945    5.69E-03
   217    0.168790    5.16E-03
   218    0.163589    5.20E-03
   219    0.158516    5.07E-03
   220    0.153590    4.93E-03
   221    0.149068    4.52E-03
   222    0.144603    4.47E-03
   223    0.140224    4.38E-03
   224    0.139838    3.85E-04
   225    0.138888    9.50E-04
   226    0.137561    1.33E-03
   227    0.135955    1.61E-03
   228    0.134132    1.82E-03
   229    0.134113    1.92E-05
   230    0.134052    6.04E-05
   231    0.133946    1.06E-04
   232    0.133788    1.58E-04
   233    0.133573    2.15E-04
   234    0.133291    2.82E-04
   235    0.132935    3.56E-04
   236    0.132494    4.41E-04
   237    0.131953    5.41E-04
   238    0.131299    6.54E-04
   239    0.130446    8.53E-04
   240    0.129447    9.99E-04
   241    0.128243    1.20E-03
   242    0.126650    1.59E-03
   243    0.124723    1.93E-03
   244    0.122020    2.70E-03
   245    0.118096    3.92E-03
   246    0.113850    4.25E-03
   247    0.109603    4.25E-03
   248    0.105357    4.25E-03
   249    0.101079    4.28E-03
   250    0.096801    4.28E-03
   251    0.092523    4.28E-03
   252    0.088244    4.28E-03
   253    0.084577    3.67E-03
   254    0.080910    3.67E-03
   255    0.077243    3.67E-03
   256    0.073576    3.67E-03
   257    0.069850    3.73E-03
   258    0.066163    3.69E-03
   259    0.062575    3.59E-03
   260    0.062568    7.70E-06
   261    0.062545    2.32E-05
   262    0.062506    3.88E-05
   263    0.062451    5.45E-05
   264    0.062381    7.05E-05
   265    0.062294    8.65E-05
   266    0.062192    1.03E-04
   267    0.062073    1.19E-04
   268    0.061937    1.35E-04
   269    0.061786    1.52E-04
   270    0.061617    1.69E-04
   271    0.061432    1.85E-04
   272    0.061230    2.02E-04
   273    0.061009    2.20E-04
   274    0.060773    2.36E-04
   275    0.060520    2.53E-04
   276    0.060250    2.70E-04
   277    0.059963    2.88E-04
   278    0.059658    3.05E-04
   279    0.059335    3.22E-04
   280    0.058996    3.40E-04
   281    0.058639    3.57E-04
   282    0.058264    3.75E-04
   283    0.057872    3.92E-04
   284    0.057865    7.58E-06
   285    0.057841    2.37E-05
   286    0.057799    4.22E-05
   287    0.057736    6.27E-05
   288    0.057650    8.59E-05
   289    0.057538    1.12E-04
   290    0.057395    1.43E-04
   291    0.057217    1.78E-04
   292    0.056999    2.18E-04
   293    0.056733    2.65E-04
   294    0.056413    3.20E-04
   295    0.056030    3.83E-04
   296    0.055574    4.56E-04
   297    0.055043    5.31E-04
   298    0.054417    6.27E-04
   299    0.053683    7.34E-04
   300    0.052839    8.44E-04
   301    0.051880    9.59E-04
   302    0.050781    1.10E-03
   303    0.049572    1.21E-03
   304    0.048212    1.36E-03
   305    0.046743    1.47E-03
   306    0.045149    1.59E-03
   307    0.043439    1.71E-03
   308    0.041627    1.81E-03
   309    0.039730    1.90E-03
   310    0.037742    1.99E-03
   311    0.035669    2.07E-03
   312    0.033533    2.14E-03
   313    0.031337    2.20E-03
   314    0.029099    2.24E-03
   315    0.026810    2.29E-03
   316    0.024475    2.34E-03
   317    0.022107    2.37E-03
   318    0.019720    2.39E-03
   319    0.017308    2.41E-03
   320    0.014871    2.44E-03
   321    0.012418    2.45E-03
   322    0.009950    2.47E-03
   323    0.007471    2.48E-03
   324    0.004983    2.49E-03
   325    0.002491    2.49E-03
   326    0.000000    2.49E-03
 zgrid         248  0.57931036      0.57931036    

     1    0.579310    0.000000      0.80  7.9941E-01  248
     2    0.579238   -0.000125      2.40  2.4007E+00  247
     3    0.579019   -0.000502      4.00  4.0046E+00  246
     4    0.578656   -0.001131      5.60  5.6077E+00  245
     5    0.578147   -0.002011      7.20  7.2189E+00  244
     6    0.577492   -0.003144      0.00  0.0000E+00  243
     7    0.577420   -0.003144      0.00  0.0000E+00  242
     8    0.577108   -0.003144      0.00  0.0000E+00  241
     9    0.576167   -0.003144      0.00  0.0000E+00  240
    10    0.572655   -0.003144      0.00  0.0000E+00  239
    11    0.563953   -0.003144      0.00  0.0000E+00  238
    12    0.555250   -0.003144      0.00  0.0000E+00  237
    13    0.546547   -0.003144      0.00  0.0000E+00  236
    14    0.537845   -0.003144      0.00  0.0000E+00  235
    15    0.537174   -0.003144      0.00  0.0000E+00  234
    16    0.534977   -0.003144      0.00  0.0000E+00  233
    17    0.530911   -0.003144      0.00  0.0000E+00  232
    18    0.524538   -0.003144      0.00  0.0000E+00  231
    19    0.515300   -0.003144      0.60  6.0267E-01  230
    20    0.515252   -0.003239      1.80  1.8049E+00  229
    21    0.515106   -0.003522      3.00  3.0105E+00  228
    22    0.514862   -0.003995      4.20  4.2197E+00  227
    23    0.514521   -0.004657      5.40  5.4271E+00  226
    24    0.514083   -0.005509      0.00  0.0000E+00  225
    25    0.514019   -0.005509      0.00  0.0000E+00  224
    26    0.513716   -0.005509      0.00  0.0000E+00  223
    27    0.512626   -0.005509      0.00  0.0000E+00  222
    28    0.506204   -0.005509      0.00  0.0000E+00  221
    29    0.505436   -0.005509      0.00  0.0000E+00  220
    30    0.502723   -0.005509      0.00  0.0000E+00  219
    31    0.497292   -0.005509      0.00  0.0000E+00  218
    32    0.488710   -0.005509      0.00  0.0000E+00  217
    33    0.482635   -0.005509      0.00  0.0000E+00  216
    34    0.476559   -0.005509      0.00  0.0000E+00  215
    35    0.475981   -0.005509      0.00  0.0000E+00  214
    36    0.474409   -0.005509      0.00  0.0000E+00  213
    37    0.472013   -0.005509      0.00  0.0000E+00  212
    38    0.469011   -0.005509      0.00  0.0000E+00  211
    39    0.465517   -0.005509      0.00  0.0000E+00  210
    40    0.461597   -0.005509      0.00  0.0000E+00  209
    41    0.457245   -0.005509      0.00  0.0000E+00  208
    42    0.452732   -0.005509      0.00  0.0000E+00  207
    43    0.447902   -0.005509      0.00  0.0000E+00  206
    44    0.442750   -0.005509      0.00  0.0000E+00  205
    45    0.437555   -0.005509      0.00  0.0000E+00  204
    46    0.432254   -0.005509      0.00  0.0000E+00  203
    47    0.426808   -0.005509      0.00  0.0000E+00  202
    48    0.421234   -0.005509      0.00  0.0000E+00  201
    49    0.415615   -0.005509      0.85  8.5385E-01  200
    50    0.415554   -0.005643      2.55  2.5630E+00  199
    51    0.415371   -0.006045      4.25  4.2731E+00  198
    52    0.415067   -0.006716      5.94  5.9870E+00  197
    53    0.414641   -0.007655      7.64  7.7084E+00  196
    54    0.414093   -0.008865      9.35  9.4368E+00  195
    55    0.413424   -0.010347     11.05  1.1173E+01  194
    56    0.412633   -0.012100     12.75  1.2922E+01  193
    57    0.411720   -0.014129     14.46  1.4682E+01  192
    58    0.410685   -0.016433     16.16  1.6452E+01  191
    59    0.409529   -0.019015      0.58  5.8792E-01  190
    60    0.409410   -0.019108      2.63  2.6845E+00  189
    61    0.408866   -0.019529     18.78  1.9176E+01  188
    62    0.405016   -0.022539     33.61  3.4474E+01  187
    63    0.398246   -0.027950     34.40  3.5475E+01  186
    64    0.391475   -0.033518     26.06  2.7008E+01  185
    65    0.385402   -0.037757     26.89  2.7986E+01  184
    66    0.379278   -0.042150     27.31  2.8547E+01  183
    67    0.373203   -0.046631     28.22  2.9639E+01  182
    68    0.367070   -0.051283     29.38  3.1001E+01  181
    69    0.360839   -0.056149     30.48  3.2325E+01  180
    70    0.354532   -0.061222     31.65  3.3739E+01  179
    71    0.348148   -0.066518      0.00  0.0000E+00  178
    72    0.347579   -0.066518      0.00  0.0000E+00  177
    73    0.345659   -0.066518      0.00  0.0000E+00  176
    74    0.341965   -0.066518      0.00  0.0000E+00  175
    75    0.335872   -0.066518      2.40  2.5708E+00  174
    76    0.335448   -0.066922      8.53  9.1258E+00  173
    77    0.333946   -0.068354     17.09  1.8330E+01  172
    78    0.330964   -0.071231     27.15  2.9217E+01  171
    79    0.326301   -0.075817     37.73  4.0834E+01  170
    80    0.319967   -0.082227     45.67  4.9779E+01  169
    81    0.312519   -0.090040     52.77  5.8000E+01  168
    82    0.304197   -0.099144     58.66  6.5103E+01  167
    83    0.295287   -0.109362      0.00  0.0000E+00  166
    84    0.294983   -0.109362      0.00  0.0000E+00  165
    85    0.293985   -0.109362      0.00  0.0000E+00  164
    86    0.292137   -0.109362      0.00  0.0000E+00  163
    87    0.289234   -0.109362      0.00  0.0000E+00  162
    88    0.285014   -0.109362      0.00  0.0000E+00  161
    89    0.279140   -0.109362      1.48  1.6541E+00  160
    90    0.278966   -0.109622      4.78  5.3413E+00  159
    91    0.278404   -0.110460      8.69  9.7178E+00  158
    92    0.277387   -0.111986     13.29  1.4882E+01  157
    93    0.275840   -0.114321     18.61  2.0898E+01  156
    94    0.273690   -0.117602     23.29  2.6254E+01  155
    95    0.271027   -0.121722     29.85  3.3802E+01  154
    96    0.267659   -0.127028     15.94  1.8122E+01  153
    97    0.266208   -0.129873     29.00  3.3107E+01  152
    98    0.263604   -0.135069     17.50  2.0058E+01  151
    99    0.262052   -0.138217     34.08  3.9257E+01  150
   100    0.259072   -0.144379     42.04  4.8758E+01  149
   101    0.255469   -0.152032     47.32  5.5324E+01  148
   102    0.251506   -0.160716      0.49  5.7123E-01  147
   103    0.251466   -0.160806      1.49  1.7480E+00  146
   104    0.251343   -0.161080      2.54  2.9884E+00  145
   105    0.251133   -0.161549      3.65  4.2959E+00  144
   106    0.250831   -0.162223      4.83  5.6809E+00  143
   107    0.250434   -0.163115      6.07  7.1461E+00  142
   108    0.249936   -0.164237      7.38  8.7013E+00  141
   109    0.249332   -0.165603      8.77  1.0355E+01  140
   110    0.248617   -0.167228     10.24  1.2117E+01  139
   111    0.247787   -0.169130     11.80  1.3995E+01  138
   112    0.246834   -0.171326     13.47  1.6003E+01  137
   113    0.245754   -0.173838     15.23  1.8147E+01  136
   114    0.244541   -0.176687     17.11  2.0446E+01  135
   115    0.243188   -0.179896     19.11  2.2914E+01  134
   116    0.241691   -0.183492     21.23  2.5563E+01  133
   117    0.240041   -0.187505     23.50  2.8415E+01  132
   118    0.238234   -0.191965     25.93  3.1490E+01  131
   119    0.236263   -0.196908     28.51  3.4809E+01  130
   120    0.234120   -0.202371     31.40  3.8561E+01  129
   121    0.231790   -0.208424     34.09  4.2135E+01  128
   122    0.229295   -0.215037      1.21  1.4970E+00  127
   123    0.229207   -0.215272      4.04  5.0077E+00  126
   124    0.228914   -0.216058      7.62  9.4679E+00  125
   125    0.228362   -0.217544     12.34  1.5354E+01  124
   126    0.227473   -0.219954     18.73  2.3379E+01  123
   127    0.226131   -0.223624     27.69  3.4723E+01  122
   128    0.224164   -0.229074     36.02  4.5459E+01  121
   129    0.221637   -0.236209     52.59  6.6949E+01  120
   130    0.218008   -0.246718     63.21  8.1412E+01  119
   131    0.213737   -0.259496     76.21  9.9564E+01  118
   132    0.208708   -0.275124     88.17  1.1716E+02  117
   133    0.203042   -0.293513     95.21  1.2899E+02  116
   134    0.197088   -0.313760     94.19  1.3023E+02  115
   135    0.191351   -0.334202     98.62  1.3927E+02  114
   136    0.185489   -0.356062    100.83  1.4561E+02  113
   137    0.179634   -0.378917    100.09  1.4790E+02  112
   138    0.173945   -0.402131     92.42  1.3969E+02  111
   139    0.168790   -0.424057     94.81  1.4656E+02  110
   140    0.163589   -0.447061     93.91  1.4857E+02  109
   141    0.158516   -0.470380     92.48  1.4978E+02  108
   142    0.153590   -0.493890     85.97  1.4245E+02  107
   143    0.149068   -0.516249     85.85  1.4551E+02  106
   144    0.144603   -0.539089     85.07  1.4755E+02  105
   145    0.140224   -0.562248      9.41  1.6527E+01  104
   146    0.139838   -0.564842     23.20  4.0952E+01  103
   147    0.138888   -0.571270     32.43  5.7675E+01  102
   148    0.137561   -0.580323     39.29  7.0588E+01  101
   149    0.135955   -0.591403     44.67  8.1211E+01  100
   150    0.134132   -0.604150      0.00  0.0000E+00   99
   151    0.135955   -0.604150      0.00  0.0000E+00  100
   152    0.137561   -0.604150      0.00  0.0000E+00  101
   153    0.138888   -0.604150      0.00  0.0000E+00  102
   154    0.139838   -0.604150      0.00  0.0000E+00  103
   155    0.140224   -0.604150      0.00  0.0000E+00  104
   156    0.144603   -0.604150      0.00  0.0000E+00  105
   157    0.149068   -0.604150      0.00  0.0000E+00  106
   158    0.153590   -0.604150      0.00  0.0000E+00  107
   159    0.158516   -0.604150      0.00  0.0000E+00  108
   160    0.163589   -0.604150      0.00  0.0000E+00  109
   161    0.168790   -0.604150      0.00  0.0000E+00  110
   162    0.173945   -0.604150      0.00  0.0000E+00  111
   163    0.179634   -0.604150      0.00  0.0000E+00  112
   164    0.185489   -0.604150      0.00  0.0000E+00  113
   165    0.191351   -0.604150      0.00  0.0000E+00  114
   166    0.197088   -0.604150      0.00  0.0000E+00  115
   167    0.203042   -0.604150      0.00  0.0000E+00  116
   168    0.208708   -0.604150      0.00  0.0000E+00  117
   169    0.213737   -0.604150      0.00  0.0000E+00  118
   170    0.218008   -0.604150      0.00  0.0000E+00  119
   171    0.221637   -0.604150      0.00  0.0000E+00  120
   172    0.224164   -0.604150      0.00  0.0000E+00  121
   173    0.226131   -0.604150      0.00  0.0000E+00  122
   174    0.227473   -0.604150      0.00  0.0000E+00  123
   175    0.228362   -0.604150      0.00  0.0000E+00  124
   176    0.228914   -0.604150      0.00  0.0000E+00  125
   177    0.229207   -0.604150      0.00  0.0000E+00  126
   178    0.229295   -0.604150      0.76  1.3849E+00  127
   179    0.229207   -0.604367      2.53  4.6241E+00  126
   180    0.228914   -0.605093      4.77  8.7409E+00  125
   181    0.228362   -0.606465      7.72  1.4168E+01  124
   182    0.227473   -0.608689     11.71  2.1561E+01  123
   183    0.226131   -0.612073     17.31  3.1997E+01  122
   184    0.224164   -0.617095     22.50  4.1844E+01  121
   185    0.221637   -0.623663     32.84  6.1564E+01  120
   186    0.218008   -0.633326     39.47  7.4788E+01  119
   187    0.213737   -0.645065     47.62  9.1431E+01  118
   188    0.208708   -0.659416     55.21  1.0765E+02  117
   189    0.203042   -0.676314     59.83  1.1877E+02  116
   190    0.197088   -0.694956     59.49  1.2033E+02  115
   191    0.191351   -0.713842     62.70  1.2933E+02  114
   192    0.185489   -0.734142     64.63  1.3612E+02  113
   193    0.179634   -0.755508     64.78  1.3940E+02  112
   194    0.173945   -0.777388     60.43  1.3287E+02  111
   195    0.168790   -0.798243     62.69  1.4081E+02  110
   196    0.163589   -0.820345     62.83  1.4433E+02  109
   197    0.158516   -0.842999     62.65  1.4725E+02  108
   198    0.153590   -0.866112     58.97  1.4177E+02  107
   199    0.149068   -0.888364     59.62  1.4661E+02  106
   200    0.144603   -0.911377     59.82  1.5057E+02  105
   201    0.140224   -0.935011      5.33  1.3589E+01  104
   202    0.139838   -0.937144     13.19  3.3754E+01  103
   203    0.138888   -0.942442     18.52  4.7707E+01  102
   204    0.137561   -0.949930     22.58  5.8652E+01  101
   205    0.135955   -0.959136     25.86  6.7839E+01  100
   206    0.134132   -0.969784      0.27  7.2075E-01   99
   207    0.134113   -0.969897      0.86  2.2712E+00   98
   208    0.134052   -0.970254      1.52  3.9994E+00   97
   209    0.133946   -0.970881      2.25  5.9460E+00   96
   210    0.133788   -0.971815      3.08  8.1371E+00   95
   211    0.133573   -0.973092      4.03  1.0663E+01   94
   212    0.133291   -0.974765      5.10  1.3533E+01   93
   213    0.132935   -0.976890      6.33  1.6826E+01   92
   214    0.132494   -0.979531      7.78  2.0755E+01   91
   215    0.131953   -0.982788      9.44  2.5283E+01   90
   216    0.131299   -0.986757     12.35  3.3213E+01   89
   217    0.130446   -0.991970     14.54  3.9327E+01   88
   218    0.129447   -0.998143     17.62  4.7991E+01   87
   219    0.128243   -1.005675     23.47  6.4491E+01   86
   220    0.126650   -1.015798     28.64  7.9582E+01   85
   221    0.124723   -1.028289     40.62  1.1460E+02   84
   222    0.122020   -1.046277     59.92  1.7292E+02   83
   223    0.118096   -1.073418     66.11  1.9638E+02   82
   224    0.113850   -1.104242     67.41  2.0670E+02   81
   225    0.109603   -1.136686     68.71  2.1782E+02   80
   226    0.105357   -1.170876     70.53  2.3159E+02   79
   227    0.101079   -1.207227     71.81  2.4479E+02   78
   228    0.096801   -1.245649     73.07  2.5912E+02   77
   229    0.092523   -1.286321     74.29  2.7474E+02   76
   230    0.088244   -1.329444     64.63  2.4902E+02   75
   231    0.084577   -1.368531     65.47  2.6260E+02   74
   232    0.080910   -1.409749     66.28  2.7736E+02   73
   233    0.077243   -1.453284     67.05  2.9346E+02   72
   234    0.073576   -1.499346     68.89  3.1628E+02   71
   235    0.069850   -1.548990     68.86  3.3264E+02   70
   236    0.066163   -1.601202     67.64  3.4457E+02   69
   237    0.062575   -1.655285      0.00  0.0000E+00   68
   238    0.062568   -1.655285      0.00  0.0000E+00   67
   239    0.062545   -1.655285      0.00  0.0000E+00   66
   240    0.062506   -1.655285      0.00  0.0000E+00   65
   241    0.062451   -1.655285      0.00  0.0000E+00   64
   242    0.062381   -1.655285      0.00  0.0000E+00   63
   243    0.062294   -1.655285      0.00  0.0000E+00   62
   244    0.062192   -1.655285      0.00  0.0000E+00   61
   245    0.062073   -1.655285      0.00  0.0000E+00   60
   246    0.061937   -1.655285      0.00  0.0000E+00   59
   247    0.061786   -1.655285      0.00  0.0000E+00   58
   248    0.061617   -1.655285      0.00  0.0000E+00   57
   249    0.061432   -1.655285      0.00  0.0000E+00   56
   250    0.061230   -1.655285      0.00  0.0000E+00   55
   251    0.061009   -1.655285      0.00  0.0000E+00   54
   252    0.060773   -1.655285      0.00  0.0000E+00   53
   253    0.060520   -1.655285      0.00  0.0000E+00   52
   254    0.060250   -1.655285      0.00  0.0000E+00   51
   255    0.059963   -1.655285      0.00  0.0000E+00   50
   256    0.059658   -1.655285      0.00  0.0000E+00   49
   257    0.059335   -1.655285      0.00  0.0000E+00   48
   258    0.058996   -1.655285      0.00  0.0000E+00   47
   259    0.058639   -1.655285      0.00  0.0000E+00   46
   260    0.058264   -1.655285      0.00  0.0000E+00   45
   261    0.057872   -1.655285      0.16  8.1265E-01   44
   262    0.057865   -1.655413      0.49  2.5435E+00   43
   263    0.057841   -1.655812      0.86  4.5296E+00   42
   264    0.057799   -1.656523      1.28  6.7298E+00   41
   265    0.057736   -1.657580      1.76  9.2338E+00   40
   266    0.057650   -1.659029      2.30  1.2117E+01   39
   267    0.057538   -1.660931      2.93  1.5428E+01   38
   268    0.057395   -1.663352      3.64  1.9260E+01   37
   269    0.057217   -1.666376      4.48  2.3744E+01   36
   270    0.056999   -1.670102      5.44  2.8974E+01   35
   271    0.056733   -1.674650      6.56  3.5116E+01   34
   272    0.056413   -1.680162      7.86  4.2322E+01   33
   273    0.056030   -1.686805      9.37  5.0799E+01   32
   274    0.055574   -1.694779     10.91  5.9681E+01   31
   275    0.055043   -1.704146     12.89  7.1268E+01   30
   276    0.054417   -1.715333     15.10  8.4471E+01   29
   277    0.053683   -1.728591     17.38  9.8673E+01   28
   278    0.052839   -1.744079     19.78  1.1418E+02   27
   279    0.051880   -1.762001     22.71  1.3363E+02   26
   280    0.050781   -1.782976     24.99  1.5037E+02   25
   281    0.049572   -1.806579     28.18  1.7395E+02   24
   282    0.048212   -1.833883     30.46  1.9356E+02   23
   283    0.046743   -1.864264     33.13  2.1738E+02   22
   284    0.045149   -1.898384     35.58  2.4205E+02   21
   285    0.043439   -1.936377     37.80  2.6764E+02   20
   286    0.041627   -1.978386     39.62  2.9314E+02   19
   287    0.039730   -2.024397     41.62  3.2316E+02   18
   288    0.037742   -2.075120     43.47  3.5606E+02   17
   289    0.035669   -2.131008     44.86  3.8951E+02   16
   290    0.033533   -2.192145     46.21  4.2787E+02   15
   291    0.031337   -2.259305     47.19  4.6873E+02   14
   292    0.029099   -2.332877     48.32  5.1856E+02   13
   293    0.026810   -2.414271     49.38  5.7752E+02   12
   294    0.024475   -2.504919     50.13  6.4534E+02   11
   295    0.022107   -2.606213     50.62  7.2557E+02   10
   296    0.019720   -2.720100     51.18  8.2860E+02    9
   297    0.017308   -2.850157     51.78  9.6487E+02    8
   298    0.014871   -3.001605     52.18  1.1470E+03    7
   299    0.012418   -3.181647     52.52  1.4102E+03    6
   300    0.009950   -3.402997     52.79  1.8246E+03    5
   301    0.007471   -3.689386     52.99  2.5786E+03    4
   302    0.004983   -4.094125     53.11  4.4163E+03    3
   303    0.002491   -4.787312     53.10  6.3710E+09    2
   304    0.000000************                          1
 zgrid         326   1.0000000       1.0000000    

     1    1.000000    0.000000      0.80  8.0016E-01  326
     2    0.999874   -0.000126      2.40  2.4011E+00  325
     3    0.999498   -0.000502      4.00  4.0031E+00  324
     4    0.998870   -0.001131      5.60  5.6081E+00  323
     5    0.997991   -0.002011      7.20  7.2189E+00  322
     6    0.996861   -0.003144      0.00  0.0000E+00  321
     7    0.996729   -0.003144      0.00  0.0000E+00  320
     8    0.996156   -0.003144      0.00  0.0000E+00  319
     9    0.994384   -0.003144      0.00  0.0000E+00  318
    10    0.987261   -0.003144      0.00  0.0000E+00  317
    11    0.977853   -0.003144      0.00  0.0000E+00  316
    12    0.968446   -0.003144      0.00  0.0000E+00  315
    13    0.959039   -0.003144      0.00  0.0000E+00  314
    14    0.949631   -0.003144      0.00  0.0000E+00  313
    15    0.940224   -0.003144      0.00  0.0000E+00  312
    16    0.930817   -0.003144      0.00  0.0000E+00  311
    17    0.921409   -0.003144      0.00  0.0000E+00  310
    18    0.912002   -0.003144      0.00  0.0000E+00  309
    19    0.902595   -0.003144      0.00  0.0000E+00  308
    20    0.893187   -0.003144      0.60  6.0153E-01  307
    21    0.893103   -0.003239      1.80  1.8061E+00  306
    22    0.892850   -0.003522      3.00  3.0112E+00  305
    23    0.892428   -0.003995      4.20  4.2178E+00  304
    24    0.891837   -0.004657      5.40  5.4282E+00  303
    25    0.891078   -0.005509      0.00  0.0000E+00  302
    26    0.890976   -0.005509      0.00  0.0000E+00  301
    27    0.890504   -0.005509      0.00  0.0000E+00  300
    28    0.888912   -0.005509      0.00  0.0000E+00  299
    29    0.881014   -0.005509      0.00  0.0000E+00  298
    30    0.871480   -0.005509      0.00  0.0000E+00  297
    31    0.861947   -0.005509      0.00  0.0000E+00  296
    32    0.852414   -0.005509      0.00  0.0000E+00  295
    33    0.842881   -0.005509      0.00  0.0000E+00  294
    34    0.833347   -0.005509      0.00  0.0000E+00  293
    35    0.823814   -0.005509      0.00  0.0000E+00  292
    36    0.814281   -0.005509      0.00  0.0000E+00  291
    37    0.804748   -0.005509      0.00  0.0000E+00  290
    38    0.795214   -0.005509      0.00  0.0000E+00  289
    39    0.785681   -0.005509      0.00  0.0000E+00  288
    40    0.776148   -0.005509      0.00  0.0000E+00  287
    41    0.766615   -0.005509      0.00  0.0000E+00  286
    42    0.757081   -0.005509      0.00  0.0000E+00  285
    43    0.747548   -0.005509      1.05  1.0509E+00  284
    44    0.747364   -0.005674      3.13  3.1454E+00  283
    45    0.746810   -0.006167      5.26  5.2949E+00  282
    46    0.745880   -0.006998      7.35  7.4050E+00  281
    47    0.744582   -0.008161      9.47  9.5517E+00  280
    48    0.742912   -0.009660     11.58  1.1706E+01  279
    49    0.740872   -0.011497     13.57  1.3741E+01  278
    50    0.738487   -0.013654     15.67  1.5902E+01  277
    51    0.735740   -0.016150     17.93  1.8252E+01  276
    52    0.732603   -0.019015     10.73  1.0944E+01  275
    53    0.730997   -0.020733     16.41  1.6774E+01  274
    54    0.728544   -0.023366     18.96  1.9436E+01  273
    55    0.725714   -0.026416     20.95  2.1549E+01  272
    56    0.722592   -0.029799     22.95  2.3692E+01  271
    57    0.719178   -0.033517      0.00  0.0000E+00  270
    58    0.719032   -0.033517      0.00  0.0000E+00  269
    59    0.718541   -0.033517     23.43  2.4271E+01  268
    60    0.709415   -0.037327     23.85  2.4803E+01  267
    61    0.700290   -0.041220     24.29  2.5358E+01  266
    62    0.691165   -0.045200     24.74  2.5932E+01  265
    63    0.682040   -0.049271     25.20  2.6525E+01  264
    64    0.672915   -0.053434     25.67  2.7140E+01  263
    65    0.663790   -0.057694     26.16  2.7778E+01  262
    66    0.654665   -0.062054     26.67  2.8440E+01  261
    67    0.645539   -0.066518      0.00  0.0000E+00  260
    68    0.644807   -0.066518      0.00  0.0000E+00  259
    69    0.642395   -0.066518      0.00  0.0000E+00  258
    70    0.637893   -0.066518      0.00  0.0000E+00  257
    71    0.630727   -0.066518      0.00  0.0000E+00  256
    72    0.625399   -0.066518      0.00  0.0000E+00  255
    73    0.620072   -0.066518      2.77  2.9582E+00  254
    74    0.619069   -0.066982     10.37  1.1094E+01  253
    75    0.615328   -0.068724     22.08  2.3690E+01  252
    76    0.607467   -0.072442     26.89  2.8980E+01  251
    77    0.598082   -0.076991     27.50  2.9769E+01  250
    78    0.588696   -0.081664     28.12  3.0588E+01  249
    79    0.579310   -0.086465      0.22  2.4137E-01  248
    80    0.579238   -0.086503      0.66  7.2051E-01  247
    81    0.579019   -0.086616      1.10  1.2035E+00  246
    82    0.578656   -0.086805      1.55  1.6871E+00  245
    83    0.578147   -0.087069      1.99  2.1729E+00  244
    84    0.577492   -0.087410      0.22  2.3957E-01  243
    85    0.577420   -0.087448      0.95  1.0358E+00  242
    86    0.577108   -0.087611      2.87  3.1336E+00  241
    87    0.576167   -0.088103     10.77  1.1770E+01  240
    88    0.572655   -0.089950     27.09  2.9706E+01  239
    89    0.563953   -0.094613     27.67  3.0491E+01  238
    90    0.555250   -0.099398     28.28  3.1312E+01  237
    91    0.546547   -0.104313     28.91  3.2168E+01  236
    92    0.537845   -0.109362      0.00  0.0000E+00  235
    93    0.537174   -0.109362      0.00  0.0000E+00  234
    94    0.534977   -0.109362      0.00  0.0000E+00  233
    95    0.530911   -0.109362      0.00  0.0000E+00  232
    96    0.524538   -0.109362      0.00  0.0000E+00  231
    97    0.515300   -0.109362      0.00  0.0000E+00  230
    98    0.515252   -0.109362      0.00  0.0000E+00  229
    99    0.515106   -0.109362      0.00  0.0000E+00  228
   100    0.514862   -0.109362      0.00  0.0000E+00  227
   101    0.514521   -0.109362      0.00  0.0000E+00  226
   102    0.514083   -0.109362      0.00  0.0000E+00  225
   103    0.514019   -0.109362      0.00  0.0000E+00  224
   104    0.513716   -0.109362      0.00  0.0000E+00  223
   105    0.512626   -0.109362      0.00  0.0000E+00  222
   106    0.506204   -0.109362      2.49  2.7800E+00  221
   107    0.505436   -0.109799      8.82  9.8532E+00  220
   108    0.502723   -0.111345     17.86  1.9999E+01  219
   109    0.497292   -0.114484     28.80  3.2375E+01  218
   110    0.488710   -0.119566     20.83  2.3515E+01  217
   111    0.482635   -0.123257     21.20  2.4029E+01  216
   112    0.476559   -0.127028      3.99  4.5277E+00  215
   113    0.475981   -0.127739     10.93  1.2433E+01  214
   114    0.474409   -0.129691     16.77  1.9121E+01  213
   115    0.472013   -0.132692     21.21  2.4260E+01  212
   116    0.469011   -0.136500     24.95  2.8668E+01  211
   117    0.465517   -0.141000     28.35  3.2729E+01  210
   118    0.461597   -0.146137     31.91  3.7044E+01  209
   119    0.457245   -0.151951     33.58  3.9213E+01  208
   120    0.452732   -0.158106     36.50  4.2898E+01  207
   121    0.447902   -0.164840     39.57  4.6831E+01  206
   122    0.442750   -0.172190     40.58  4.8385E+01  205
   123    0.437555   -0.179785     42.09  5.0579E+01  204
   124    0.432254   -0.187724     43.97  5.3277E+01  203
   125    0.426808   -0.196086     45.77  5.5926E+01  202
   126    0.421234   -0.204864     46.93  5.7858E+01  201
   127    0.415615   -0.213946      0.51  6.3445E-01  200
   128    0.415554   -0.214045      1.54  1.9058E+00  199
   129    0.415371   -0.214344      2.57  3.1805E+00  198
   130    0.415067   -0.214844      3.59  4.4558E+00  197
   131    0.414641   -0.215543      4.63  5.7446E+00  196
   132    0.414093   -0.216445      5.67  7.0407E+00  195
   133    0.413424   -0.217550      6.71  8.3491E+00  194
   134    0.412633   -0.218860      7.76  9.6696E+00  193
   135    0.411720   -0.220378      8.82  1.1007E+01  192
   136    0.410685   -0.222106      9.89  1.2365E+01  191
   137    0.409529   -0.224047      1.02  1.2824E+00  190
   138    0.409410   -0.224248      4.67  5.8410E+00  189
   139    0.408866   -0.225165     33.24  4.1769E+01  188
   140    0.405016   -0.231721     59.32  7.5229E+01  187
   141    0.398246   -0.243529     60.41  7.7543E+01  186
   142    0.391475   -0.255700     55.12  7.1576E+01  185
   143    0.385402   -0.266935     56.42  7.4116E+01  184
   144    0.379278   -0.278568     56.81  7.5509E+01  183
   145    0.373203   -0.290420     58.16  7.8243E+01  182
   146    0.367070   -0.302701     59.92  8.1616E+01  181
   147    0.360839   -0.315512     61.45  8.4806E+01  180
   148    0.354532   -0.328823     62.99  8.8117E+01  179
   149    0.348148   -0.342654      5.65  7.9702E+00  178
   150    0.347579   -0.343905     19.12  2.7019E+01  177
   151    0.345659   -0.348146     36.96  5.2571E+01  176
   152    0.341965   -0.356398     61.50  8.8449E+01  175
   153    0.335872   -0.370281      4.31  6.2414E+00  174
   154    0.335448   -0.371260     15.27  2.2169E+01  173
   155    0.333946   -0.374740     30.43  4.4419E+01  172
   156    0.330964   -0.381712     47.86  7.0493E+01  171
   157    0.326301   -0.392777     65.56  9.7849E+01  170
   158    0.319967   -0.408135     77.84  1.1816E+02  169
   159    0.312519   -0.426681     87.83  1.3602E+02  168
   160    0.304197   -0.448031     95.00  1.5045E+02  167
   161    0.295287   -0.471646      3.26  5.2220E+00  166
   162    0.294983   -0.472466     10.70  1.7182E+01  165
   163    0.293985   -0.475162     19.84  3.1994E+01  164
   164    0.292137   -0.480184     31.24  5.0693E+01  163
   165    0.289234   -0.488141     45.58  7.4691E+01  162
   166    0.285014   -0.499865     63.72  1.0592E+02  161
   167    0.279140   -0.516490      1.89  3.1712E+00  160
   168    0.278966   -0.516988      6.11  1.0258E+01  159
   169    0.278404   -0.518598     11.08  1.8633E+01  158
   170    0.277387   -0.521523     16.86  2.8463E+01  157
   171    0.275840   -0.525990     23.46  3.9819E+01  156
   172    0.273690   -0.532240     29.12  4.9777E+01  155
   173    0.271027   -0.540053     36.92  6.3681E+01  154
   174    0.267659   -0.550049     15.92  2.7662E+01  153
   175    0.266208   -0.554390     28.64  5.0054E+01  152
   176    0.263604   -0.562247     19.03  3.3482E+01  151
   177    0.262052   -0.567502     36.62  6.4915E+01  150
   178    0.259072   -0.577691     44.38  7.9585E+01  149
   179    0.255469   -0.590183     48.97  8.8980E+01  148
   180    0.251506   -0.604150      0.00  0.0000E+00  147
   181    0.251466   -0.604150      0.00  0.0000E+00  146
   182    0.251343   -0.604150      0.00  0.0000E+00  145
   183    0.251133   -0.604150      0.00  0.0000E+00  144
   184    0.250831   -0.604150      0.00  0.0000E+00  143
   185    0.250434   -0.604150      0.00  0.0000E+00  142
   186    0.249936   -0.604150      0.00  0.0000E+00  141
   187    0.249332   -0.604150      0.00  0.0000E+00  140
   188    0.248617   -0.604150      0.00  0.0000E+00  139
   189    0.247787   -0.604150      0.00  0.0000E+00  138
   190    0.246834   -0.604150      0.00  0.0000E+00  137
   191    0.245754   -0.604150      0.00  0.0000E+00  136
   192    0.244541   -0.604150      0.00  0.0000E+00  135
   193    0.243188   -0.604150      0.00  0.0000E+00  134
   194    0.241691   -0.604150      0.00  0.0000E+00  133
   195    0.240041   -0.604150      0.00  0.0000E+00  132
   196    0.238234   -0.604150      0.00  0.0000E+00  131
   197    0.236263   -0.604150      0.00  0.0000E+00  130
   198    0.234120   -0.604150      0.00  0.0000E+00  129
   199    0.231790   -0.604150      0.00  0.0000E+00  128
   200    0.229295   -0.604150      0.76  1.3849E+00  127
   201    0.229207   -0.604367      2.53  4.6241E+00  126
   202    0.228914   -0.605093      4.77  8.7409E+00  125
   203    0.228362   -0.606465      7.72  1.4168E+01  124
   204    0.227473   -0.608689     11.71  2.1561E+01  123
   205    0.226131   -0.612073     17.31  3.1997E+01  122
   206    0.224164   -0.617095     22.50  4.1844E+01  121
   207    0.221637   -0.623663     32.84  6.1564E+01  120
   208    0.218008   -0.633326     39.47  7.4788E+01  119
   209    0.213737   -0.645065     47.62  9.1431E+01  118
   210    0.208708   -0.659416     55.21  1.0765E+02  117
   211    0.203042   -0.676314     59.83  1.1877E+02  116
   212    0.197088   -0.694956     59.49  1.2033E+02  115
   213    0.191351   -0.713842     62.70  1.2933E+02  114
   214    0.185489   -0.734142     64.63  1.3612E+02  113
   215    0.179634   -0.755508     64.78  1.3940E+02  112
   216    0.173945   -0.777388     60.43  1.3287E+02  111
   217    0.168790   -0.798243     62.69  1.4081E+02  110
   218    0.163589   -0.820345     62.83  1.4433E+02  109
   219    0.158516   -0.842999     62.65  1.4725E+02  108
   220    0.153590   -0.866112     58.97  1.4177E+02  107
   221    0.149068   -0.888364     59.62  1.4661E+02  106
   222    0.144603   -0.911377     59.82  1.5057E+02  105
   223    0.140224   -0.935011      5.33  1.3589E+01  104
   224    0.139838   -0.937144     13.19  3.3754E+01  103
   225    0.138888   -0.942442     18.52  4.7707E+01  102
   226    0.137561   -0.949930     22.58  5.8652E+01  101
   227    0.135955   -0.959136     25.86  6.7839E+01  100
   228    0.134132   -0.969784      0.27  7.2075E-01   99
   229    0.134113   -0.969897      0.86  2.2712E+00   98
   230    0.134052   -0.970254      1.52  3.9994E+00   97
   231    0.133946   -0.970881      2.25  5.9460E+00   96
   232    0.133788   -0.971815      3.08  8.1371E+00   95
   233    0.133573   -0.973092      4.03  1.0663E+01   94
   234    0.133291   -0.974765      5.10  1.3533E+01   93
   235    0.132935   -0.976890      6.33  1.6826E+01   92
   236    0.132494   -0.979531      7.78  2.0755E+01   91
   237    0.131953   -0.982788      9.44  2.5283E+01   90
   238    0.131299   -0.986757     12.35  3.3213E+01   89
   239    0.130446   -0.991970     14.54  3.9327E+01   88
   240    0.129447   -0.998143     17.62  4.7991E+01   87
   241    0.128243   -1.005675     23.47  6.4491E+01   86
   242    0.126650   -1.015798     28.64  7.9582E+01   85
   243    0.124723   -1.028289     40.62  1.1460E+02   84
   244    0.122020   -1.046277     59.92  1.7292E+02   83
   245    0.118096   -1.073418     66.11  1.9638E+02   82
   246    0.113850   -1.104242     67.41  2.0670E+02   81
   247    0.109603   -1.136686     68.71  2.1782E+02   80
   248    0.105357   -1.170876     70.53  2.3159E+02   79
   249    0.101079   -1.207227     71.81  2.4479E+02   78
   250    0.096801   -1.245649     73.07  2.5912E+02   77
   251    0.092523   -1.286321     74.29  2.7474E+02   76
   252    0.088244   -1.329444     64.63  2.4902E+02   75
   253    0.084577   -1.368531     65.47  2.6260E+02   74
   254    0.080910   -1.409749     66.28  2.7736E+02   73
   255    0.077243   -1.453284     67.05  2.9346E+02   72
   256    0.073576   -1.499346     68.89  3.1628E+02   71
   257    0.069850   -1.548990     68.86  3.3264E+02   70
   258    0.066163   -1.601202     67.64  3.4457E+02   69
   259    0.062575   -1.655285      0.00  0.0000E+00   68
   260    0.062568   -1.655285      0.00  0.0000E+00   67
   261    0.062545   -1.655285      0.00  0.0000E+00   66
   262    0.062506   -1.655285      0.00  0.0000E+00   65
   263    0.062451   -1.655285      0.00  0.0000E+00   64
   264    0.062381   -1.655285      0.00  0.0000E+00   63
   265    0.062294   -1.655285      0.00  0.0000E+00   62
   266    0.062192   -1.655285      0.00  0.0000E+00   61
   267    0.062073   -1.655285      0.00  0.0000E+00   60
   268    0.061937   -1.655285      0.00  0.0000E+00   59
   269    0.061786   -1.655285      0.00  0.0000E+00   58
   270    0.061617   -1.655285      0.00  0.0000E+00   57
   271    0.061432   -1.655285      0.00  0.0000E+00   56
   272    0.061230   -1.655285      0.00  0.0000E+00   55
   273    0.061009   -1.655285      0.00  0.0000E+00   54
   274    0.060773   -1.655285      0.00  0.0000E+00   53
   275    0.060520   -1.655285      0.00  0.0000E+00   52
   276    0.060250   -1.655285      0.00  0.0000E+00   51
   277    0.059963   -1.655285      0.00  0.0000E+00   50
   278    0.059658   -1.655285      0.00  0.0000E+00   49
   279    0.059335   -1.655285      0.00  0.0000E+00   48
   280    0.058996   -1.655285      0.00  0.0000E+00   47
   281    0.058639   -1.655285      0.00  0.0000E+00   46
   282    0.058264   -1.655285      0.00  0.0000E+00   45
   283    0.057872   -1.655285      0.16  8.1265E-01   44
   284    0.057865   -1.655413      0.49  2.5435E+00   43
   285    0.057841   -1.655812      0.86  4.5296E+00   42
   286    0.057799   -1.656523      1.28  6.7298E+00   41
   287    0.057736   -1.657580      1.76  9.2338E+00   40
   288    0.057650   -1.659029      2.30  1.2117E+01   39
   289    0.057538   -1.660931      2.93  1.5428E+01   38
   290    0.057395   -1.663352      3.64  1.9260E+01   37
   291    0.057217   -1.666376      4.48  2.3744E+01   36
   292    0.056999   -1.670102      5.44  2.8974E+01   35
   293    0.056733   -1.674650      6.56  3.5116E+01   34
   294    0.056413   -1.680162      7.86  4.2322E+01   33
   295    0.056030   -1.686805      9.37  5.0799E+01   32
   296    0.055574   -1.694779     10.91  5.9681E+01   31
   297    0.055043   -1.704146     12.89  7.1268E+01   30
   298    0.054417   -1.715333     15.10  8.4471E+01   29
   299    0.053683   -1.728591     17.38  9.8673E+01   28
   300    0.052839   -1.744079     19.78  1.1418E+02   27
   301    0.051880   -1.762001     22.71  1.3363E+02   26
   302    0.050781   -1.782976     24.99  1.5037E+02   25
   303    0.049572   -1.806579     28.18  1.7395E+02   24
   304    0.048212   -1.833883     30.46  1.9356E+02   23
   305    0.046743   -1.864264     33.13  2.1738E+02   22
   306    0.045149   -1.898384     35.58  2.4205E+02   21
   307    0.043439   -1.936377     37.80  2.6764E+02   20
   308    0.041627   -1.978386     39.62  2.9314E+02   19
   309    0.039730   -2.024397     41.62  3.2316E+02   18
   310    0.037742   -2.075120     43.47  3.5606E+02   17
   311    0.035669   -2.131008     44.86  3.8951E+02   16
   312    0.033533   -2.192145     46.21  4.2787E+02   15
   313    0.031337   -2.259305     47.19  4.6873E+02   14
   314    0.029099   -2.332877     48.32  5.1856E+02   13
   315    0.026810   -2.414271     49.38  5.7752E+02   12
   316    0.024475   -2.504919     50.13  6.4534E+02   11
   317    0.022107   -2.606213     50.62  7.2557E+02   10
   318    0.019720   -2.720100     51.18  8.2860E+02    9
   319    0.017308   -2.850157     51.78  9.6487E+02    8
   320    0.014871   -3.001605     52.18  1.1470E+03    7
   321    0.012418   -3.181647     52.52  1.4102E+03    6
   322    0.009950   -3.402997     52.79  1.8246E+03    5
   323    0.007471   -3.689386     52.99  2.5786E+03    4
   324    0.004983   -4.094125     53.11  4.4163E+03    3
   325    0.002491   -4.787312     53.10  6.3710E+09    2
   326    0.000000************                          1

    44   68   99  160  166  174  178  200  225  230  243  248

     1  tPKPdf  
     2  rPKiKP  
     3  tPKPab  
     4  tP      
     5  rPd660P 
     6  tP      
     7  rPd410P 
     8  tPn     
     9  rPmP    
    10  tPb     
    11  rPd20P  
    12  tPg     

    44   68  127  147  221  235  254  260  268  270  284  302  307  321  326

     1  tSKSdf  
     2  rSKiKS  
     3  tSKSab  
     4  rScS    
     5  tS      
     6  rSd660S 
     7  tS      
     8  rSd410S 
     9  tS      
    10  rSd210S 
    11  tSn     
    12  rSmS    
    13  tSb     
    14  rSd20S  
    15  tSg     

 n1 kb         326         248         326
 reclength for dasign:        5228

 zmax zoc zic -0.13418181240558624      -0.60414958000183105       -1.6552854776382446     

 lev1           2         247           1  0.57923764     -1.25475650E-04
 lev1           3         246           1  0.57901937     -5.02295268E-04
 lev1           4         245           1  0.57865566     -1.13086251E-03
 lev1           5         244           1  0.57814652     -2.01105489E-03
 lev1           6         243           1  0.57749182     -3.14413547E-03
 lev1           8         229           1  0.51525164     -3.23873130E-03
 lev1           9         228           1  0.51510561     -3.52203473E-03
 lev1          10         227           1  0.51486224     -3.99456453E-03
 lev1          11         226           1  0.51452142     -4.65688948E-03
 lev1          12         225           1  0.51408333     -5.50872646E-03
 lev1          14         199           1  0.41555375     -5.64274751E-03
 lev1          15         198           1  0.41537118     -6.04503881E-03
 lev1          16         197           1  0.41506690     -6.71574427E-03
 lev1          17         196           1  0.41464093     -7.65546411E-03
 lev1          18         195           1  0.41409323     -8.86537787E-03
 lev1          19         194           1  0.41342381     -1.03465868E-02
 lev1          20         193           1  0.41263270     -1.21003576E-02
 lev1          21         192           1  0.41171989     -1.41285444E-02
 lev1          22         191           1  0.41068533     -1.64331179E-02
 lev1          23         190           1  0.40952909     -1.90153755E-02
 lev1          24         189           1  0.40940964     -1.91076566E-02
 lev1          25         188           1  0.40886584     -1.95290167E-02
 lev1          26         187           1  0.40501568     -2.25388762E-02
 lev1          27         186           1  0.39824557     -2.79499013E-02
 lev1          28         185           1  0.39147547     -3.35180685E-02
 lev1          29         184           1  0.38540161     -3.77572030E-02
 lev1          30         183           1  0.37927836     -4.21498455E-02
 lev1          31         182           1  0.37320295     -4.66305614E-02
 lev1          32         181           1  0.36707038     -5.12827039E-02
 lev1          33         180           1  0.36083892     -5.61486743E-02
 lev1          34         179           1  0.35453191     -6.12223782E-02
 lev1          35         178           1  0.34814820     -6.65181428E-02
 lev1          37         173           1  0.33544785     -6.69216663E-02
 lev1          38         172           1  0.33394620     -6.83540702E-02
 lev1          39         171           1  0.33096373     -7.12312460E-02
 lev1          40         170           1  0.32630140     -7.58171603E-02
 lev1          41         169           1  0.31996703     -8.22265148E-02
 lev1          42         168           1  0.31251851     -9.00398418E-02
 lev1          43         167           1  0.30419749     -9.91436094E-02
 lev1          44         166           1  0.29528716     -0.10936224    
 lev1          46         159           1  0.27896592     -0.10962187    
 lev1          47         158           1  0.27840415     -0.11046025    
 lev1          48         157           1  0.27738658     -0.11198557    
 lev1          49         156           1  0.27583969     -0.11432147    
 lev1          50         155           1  0.27369037     -0.11760160    
 lev1          51         154           1  0.27102742     -0.12172250    
 lev1          52         153           1  0.26765859     -0.12702809    
 lev1          53         152           1  0.26620829     -0.12987258    
 lev1          54         151           1  0.26360372     -0.13506909    
 lev2          55          99           1  0.13595487     -0.60414958    
 lvz            1          99           1  0.10096191      0.85861439    
 lev2          56          68           1  6.25677630E-02  -1.6552855    
 lev3          57           1           1   0.0000000      -1000000.0    

 i zmax plim zm(i,1) =          54 -0.13418181240558624       0.26360372     -0.13506908714771271     
 i plim zlim =         176  0.26360372     -0.56224692    
 lev1           2         325           2  0.99987441     -1.25594874E-04
 lev1           3         324           2  0.99949771     -5.02474140E-04
 lev1           4         323           2  0.99886990     -1.13080279E-03
 lev1           5         322           2  0.99799091     -2.01105489E-03
 lev1           6         321           2  0.99686080     -3.14413547E-03
 lev1           8         306           2  0.89310288     -3.23855202E-03
 lev1           9         305           2  0.89284974     -3.52203473E-03
 lev1          10         304           2  0.89242786     -3.99468420E-03
 lev1          11         303           2  0.89183718     -4.65670973E-03
 lev1          12         302           2  0.89107776     -5.50872646E-03
 lev1          14         283           2  0.74736357     -5.67367813E-03
 lev1          15         282           2  0.74681008     -6.16737735E-03
 lev1          16         281           2  0.74588013     -6.99847378E-03
 lev1          17         280           2  0.74458200     -8.16077925E-03
 lev1          18         279           2  0.74291217     -9.66002233E-03
 lev1          19         278           2  0.74087197     -1.14974175E-02
 lev1          20         277           2  0.73848701     -1.36541631E-02
 lev1          21         276           2  0.73573959     -1.61501318E-02
 lev1          22         275           2  0.73260295     -1.90149490E-02
 lev1          23         274           2  0.73099685     -2.07327008E-02
 lev1          24         273           2  0.72854376     -2.33655144E-02
 lev1          25         272           2  0.72571391     -2.64162738E-02
 lev1          26         271           2  0.72259194     -2.97985841E-02
 lev1          27         270           2  0.71917844     -3.35173272E-02
 lev1          29         267           2  0.70941550     -3.73269804E-02
 lev1          30         266           2  0.70029032     -4.12200801E-02
 lev1          31         265           2  0.69116515     -4.52002361E-02
 lev1          32         264           2  0.68203998     -4.92706150E-02
 lev1          33         263           2  0.67291486     -5.34340851E-02
 lev1          34         262           2  0.66378969     -5.76940812E-02
 lev1          35         261           2  0.65466452     -6.20541722E-02
 lev1          36         260           2  0.64553940     -6.65181428E-02
 lev1          38         253           2  0.61906904     -6.69824630E-02
 lev1          39         252           2  0.61532795     -6.87238500E-02
 lev1          40         251           2  0.60746735     -7.24423155E-02
 lev1          41         250           2  0.59808171     -7.69911185E-02
 lev1          42         249           2  0.58869600     -8.16636682E-02
 lev1          43         248           2  0.57931036     -8.64647254E-02
 lev1          44         247           2  0.57923764     -8.65026116E-02
 lev1          45         246           2  0.57901937     -8.66157040E-02
 lev1          46         245           2  0.57865566     -8.68046060E-02
 lev1          47         244           2  0.57814652     -8.70694220E-02
 lev1          48         243           2  0.57749182     -8.74104798E-02
 lev1          49         242           2  0.57741964     -8.74480829E-02
 lev1          50         241           2  0.57710779     -8.76106620E-02
 lev1          51         240           2  0.57616705     -8.81025195E-02
 lev1          52         239           2  0.57265538     -8.99499059E-02
 lev1          53         238           2  0.56395268     -9.46126506E-02
 lev1          54         237           2  0.55524999     -9.93984789E-02
 lev1          55         236           2  0.54654729     -0.10431317    
 lev1          56         235           2  0.53784460     -0.10936224    
 lev1          58         220           2  0.50543576     -0.10979860    
 lev1          59         219           2  0.50272268     -0.11134517    
 lev1          60         218           2  0.49729228     -0.11448427    
 lev1          61         217           2  0.48871028     -0.11956594    
 lev1          62         216           2  0.48263454     -0.12325682    
 lev1          63         215           2  0.47655877     -0.12702844    
 lev1          64         214           2  0.47598127     -0.12773910    
 lev1          65         213           2  0.47440898     -0.12969063    
 lev1          66         212           2  0.47201285     -0.13269196    
 lev1          67         211           2  0.46901119     -0.13649988    
 lev2         129         147           2  0.25146580     -0.60414958    
 lev2         130          68           2  6.25677630E-02  -1.6552855    
 lev3         131           1           2   0.0000000      -1000000.0    

