 nseg nbrn mt ku km len len1          30         109          54         128         203         268          16          25        2344         293

 nph m1 n1 k1           1          54         203          16
 m nph ndex n           2           1           1         247
 k l nrec         203          16           1           1  7.26847793E-05
 m nph ndex n           3           1           2         246
 k l nrec         202          16           2           2  2.90911761E-04
 m nph ndex n           4           1           3         245
 k l nrec         201          16           3           3  6.54750038E-04
 m nph ndex n           5           1           4         244
 k l nrec         200          16           4           4  1.16385426E-03
 m nph ndex n           6           1           5         243
 k l nrec         199          16           5           5  1.81856984E-03
 m nph ndex n           8           1           6         229
 k l nrec         194          13           6           6  1.86731282E-03
 m nph ndex n           9           1           7         228
 k l nrec         193          13           7           7  2.01326469E-03
 m nph ndex n          10           1           8         227
 k l nrec         192          13           8           8  2.25660997E-03
 m nph ndex n          11           1           9         226
 k l nrec         191          13           9           9  2.59750313E-03
 m nph ndex n          12           1          10         225
 k l nrec         190          13          10          10  3.03560495E-03
 m nph ndex n          14           1          11         199
 k l nrec         167          10          11          11  3.09130200E-03
 m nph ndex n          15           1          12         198
 k l nrec         166          10          12          12  3.25843878E-03
 m nph ndex n          16           1          13         197
 k l nrec         165          10          13          13  3.53692845E-03
 m nph ndex n          17           1          14         196
 k l nrec         164          10          14          14  3.92677495E-03
 m nph ndex n          18           1          15         195
 k l nrec         163          10          15          15  4.42812312E-03
 m nph ndex n          19           1          16         194
 k l nrec         162          10          16          16  5.04098600E-03
 m nph ndex n          20           1          17         193
 k l nrec         161          10          17          17  5.76534262E-03
 m nph ndex n          21           1          18         192
 k l nrec         160          10          18          18  6.60131313E-03
 m nph ndex n          22           1          19         191
 k l nrec         159          10          19          19  7.54895899E-03
 m nph ndex n          23           1          20         190
 k l nrec         158          10          20          20  8.60796124E-03
 m nph ndex n          24           1          21         189
 k l nrec         157          10          21          21  8.64574686E-03
 m nph ndex n          25           1          22         188
 k l nrec         156          10          22          22  8.81814118E-03
 m nph ndex n          26           1          23         187
 k l nrec         155          10          23          23  1.00429729E-02
 m nph ndex n          27           1          24         186
 k l nrec         154          10          24          24  1.22161899E-02
 m nph ndex n          28           1          25         185
 k l nrec         153          10          25          25  1.44148218E-02
 m nph ndex n          29           1          26         184
 k l nrec         152          10          26          26  1.60614569E-02
 m nph ndex n          30           1          27         183
 k l nrec         151          10          27          27  1.77409295E-02
 m nph ndex n          31           1          28         182
 k l nrec         150          10          28          28  1.94267463E-02
 m nph ndex n          32           1          29         181
 k l nrec         149          10          29          29  2.11486630E-02
 m nph ndex n          33           1          30         180
 k l nrec         148          10          30          30  2.29196437E-02
 m nph ndex n          34           1          31         179
 k l nrec         147          10          31          31  2.47344207E-02
 m nph ndex n          35           1          32         178
 k l nrec         146          10          32          32  2.65950188E-02
 m nph ndex n          37           1          33         173
 k l nrec         142           8          33          33  2.67304666E-02
 m nph ndex n          38           1          34         172
 k l nrec         141           8          34          34  2.72098873E-02
 m nph ndex n          39           1          35         171
 k l nrec         140           8          35          35  2.81664170E-02
 m nph ndex n          40           1          36         170
 k l nrec         139           8          36          36  2.96734888E-02
 m nph ndex n          41           1          37         169
 k l nrec         138           8          37          37  3.17445509E-02
 m nph ndex n          42           1          38         168
 k l nrec         137           8          38          38  3.42154205E-02
 m nph ndex n          43           1          39         167
 k l nrec         136           8          39          39  3.70225832E-02
 m nph ndex n          44           1          40         166
 k l nrec         135           8          40          40  4.00854610E-02
 m nph ndex n          46           1          41         159
 k l nrec         132           6          41          41  4.01579104E-02
 m nph ndex n          47           1          42         158
 k l nrec         131           6          42          42  4.03915569E-02
 m nph ndex n          48           1          43         157
 k l nrec         130           6          43          43  4.08154353E-02
 m nph ndex n          49           1          44         156
 k l nrec         129           6          44          44  4.14615758E-02
 m nph ndex n          50           1          45         155
 k l nrec         128           6          45          45  4.23628353E-02
 m nph ndex n          51           1          46         154
 k l nrec         127           6          46          46  4.34851944E-02
 m nph ndex n          52           1          47         153
 k l nrec         126           6          47          47  4.49142121E-02
 m nph ndex n          53           1          48         152
 k l nrec         125           6          48          48  4.56735007E-02
 m nph ndex n          54           1          49         151
 k l nrec         124           6          49          49  4.70500812E-02
 nph m1 n1 k1           2         128         268          25
 m nph ndex n           2           2          53         325
 k l nrec         268          25          50          50  1.25586987E-04
 m nph ndex n           3           2          54         324
 k l nrec         267          25          51          51  5.02347946E-04
 m nph ndex n           4           2          55         323
 k l nrec         266          25          52          52  1.13016367E-03
 m nph ndex n           5           2          56         322
 k l nrec         265          25          53          53  2.00903416E-03
 m nph ndex n           6           2          57         321
 k l nrec         264          25          54          54  3.13919783E-03
 m nph ndex n           8           2          58         306
 k l nrec         260          23          55          55  3.22352559E-03
 m nph ndex n           9           2          59         305
 k l nrec         259          23          56          56  3.47666885E-03
 m nph ndex n          10           2          60         304
 k l nrec         258          23          57          57  3.89857404E-03
 m nph ndex n          11           2          61         303
 k l nrec         257          23          58          58  4.48918855E-03
 m nph ndex n          12           2          62         302
 k l nrec         256          23          59          59  5.24872541E-03
 m nph ndex n          14           2          63         283
 k l nrec         252          21          60          60  5.37201948E-03
 m nph ndex n          15           2          64         282
 k l nrec         251          21          61          61  5.74085535E-03
 m nph ndex n          16           2          65         281
 k l nrec         250          21          62          62  6.36114040E-03
 m nph ndex n          17           2          66         280
 k l nrec         249          21          63          63  7.22732628E-03
 m nph ndex n          18           2          67         279
 k l nrec         248          21          64          64  8.34238343E-03
 m nph ndex n          19           2          68         278
 k l nrec         247          21          65          65  9.70553141E-03
 m nph ndex n          20           2          69         277
 k l nrec         246          21          66          66  1.13008311E-02
 m nph ndex n          21           2          70         276
 k l nrec         245          21          67          67  1.31406421E-02
 m nph ndex n          22           2          71         275
 k l nrec         244          21          68          68  1.52439056E-02
 m nph ndex n          23           2          72         274
 k l nrec         243          21          69          69  1.65009554E-02
 m nph ndex n          24           2          73         273
 k l nrec         242          21          70          70  1.84223037E-02
 m nph ndex n          25           2          74         272
 k l nrec         241          21          71          71  2.06405967E-02
 m nph ndex n          26           2          75         271
 k l nrec         240          21          72          72  2.30899043E-02
 m nph ndex n          27           2          76         270
 k l nrec         239          21          73          73  2.57706866E-02
 m nph ndex n          29           2          77         267
 k l nrec         236          19          74          74  2.84906849E-02
 m nph ndex n          30           2          78         266
 k l nrec         235          19          75          75  3.12347356E-02
 m nph ndex n          31           2          79         265
 k l nrec         234          19          76          76  3.40038277E-02
 m nph ndex n          32           2          80         264
 k l nrec         233          19          77          77  3.67985480E-02
 m nph ndex n          33           2          81         263
 k l nrec         232          19          78          78  3.96191925E-02
 m nph ndex n          34           2          82         262
 k l nrec         231          19          79          79  4.24663574E-02
 m nph ndex n          35           2          83         261
 k l nrec         230          19          80          80  4.53406312E-02
 m nph ndex n          36           2          84         260
 k l nrec         229          19          81          81  4.82426547E-02
 m nph ndex n          38           2          85         253
 k l nrec         226          17          82          82  4.85303327E-02
 m nph ndex n          39           2          86         252
 k l nrec         225          17          83          83  4.96051125E-02
 m nph ndex n          40           2          87         251
 k l nrec         224          17          84          84  5.18785641E-02
 m nph ndex n          41           2          88         250
 k l nrec         223          17          85          85  5.46204522E-02
 m nph ndex n          42           2          89         249
 k l nrec         222          17          86          86  5.73930740E-02
 m nph ndex n          43           2          90         248
 k l nrec         221          17          87          87  6.01968877E-02
 m nph ndex n          44           2          91         247
 k l nrec         220          16          88          88  6.02188334E-02
 m nph ndex n          45           2          92         246
 k l nrec         219          16          89          89  6.02843277E-02
 m nph ndex n          46           2          93         245
 k l nrec         218          16          90          90  6.03936724E-02
 m nph ndex n          47           2          94         244
 k l nrec         217          16          91          91  6.05468415E-02
 m nph ndex n          48           2          95         243
 k l nrec         216          16          92          92  6.07439131E-02
 m nph ndex n          49           2          96         242
 k l nrec         215          15          93          93  6.07656278E-02
 m nph ndex n          50           2          97         241
 k l nrec         215          15          94          94  6.08594790E-02
 m nph ndex n          51           2          98         240
 k l nrec         215          15          95          95  6.11431003E-02
 m nph ndex n          52           2          99         239
 k l nrec         214          15          96          96  6.22042604E-02
 m nph ndex n          53           2         100         238
 k l nrec         213          15          97          97  6.48541003E-02
 m nph ndex n          54           2         101         237
 k l nrec         212          15          98          98  6.75322413E-02
 m nph ndex n          55           2         102         236
 k l nrec         211          15          99          99  7.02397227E-02
 m nph ndex n          56           2         103         235
 k l nrec         210          15         100         100  7.29772896E-02
 m nph ndex n          58           2         104         220
 k l nrec         201          11         101         101  7.31980056E-02
 m nph ndex n          59           2         105         219
 k l nrec         200          11         102         102  7.39775971E-02
 m nph ndex n          60           2         106         218
 k l nrec         199          11         103         103  7.55471662E-02
 m nph ndex n          61           2         107         217
 k l nrec         198          11         104         104  7.80524164E-02
 m nph ndex n          62           2         108         216
 k l nrec         197          11         105         105  7.98449665E-02
 m nph ndex n          63           2         109         215
 k l nrec         196          11         106         106  8.16538185E-02
 m nph ndex n          64           2         110         214
 k l nrec         195          11         107         107  8.19922835E-02
 m nph ndex n          65           2         111         213
 k l nrec         194          11         108         108  8.29196423E-02
 m nph ndex n          66           2         112         212
 k l nrec         193          11         109         109  8.43399018E-02
 m nph ndex n          67           2         113         211
 k l nrec         192          11         110         110  8.61315727E-02
