 kb mt lt lbb lcb         248         326          57         131           1           0          12          15          12          15
 xn pn tn xmin  1.56961236E-04   3.3600001      5.27389755E-04  3.13922465E-02

     1   44  tPKPdf     44  tSKSdf  
     2   68  rPKiKP     68  rSKiKS  
     3   99  tPKPab    127  tSKSab  
     4  160  tP        147  rScS    
     5  166  rPd660P   221  tS      
     6  174  tP        235  rSd660S 
     7  178  rPd410P   254  tS      
     8  200  tPn       260  rSd410S 
     9  225  rPmP      268  tS      
    10  230  tPb       270  rSd210S 
    11  243  rPd20P    284  tSn     
    12  248  tPg       302  rSmS    
    13                 307  tSb     
    14                 321  rSd20S  
    15                 326  tSg     

     1    0.000000    0.579310   -1      0.000000    1.000000   -1
     2   -0.000125    0.579238    1     -0.000126    0.999874   53
     3   -0.000502    0.579019    2     -0.000502    0.999498   54
     4   -0.001131    0.578656    3     -0.001131    0.998870   55
     5   -0.002011    0.578147    4     -0.002011    0.997991   56
     6   -0.003144    0.577492    5     -0.003144    0.996861   57
     7   -0.003144    0.515300    5     -0.003144    0.893187   57
     8   -0.003239    0.515252    6     -0.003239    0.893103   58
     9   -0.003522    0.515106    7     -0.003522    0.892850   59
    10   -0.003995    0.514862    8     -0.003995    0.892428   60
    11   -0.004657    0.514521    9     -0.004657    0.891837   61
    12   -0.005509    0.514083   10     -0.005509    0.891078   62
    13   -0.005509    0.415615   10     -0.005509    0.747548   62
    14   -0.005643    0.415554   11     -0.005674    0.747364   63
    15   -0.006045    0.415371   12     -0.006167    0.746810   64
    16   -0.006716    0.415067   13     -0.006998    0.745880   65
    17   -0.007655    0.414641   14     -0.008161    0.744582   66
    18   -0.008865    0.414093   15     -0.009660    0.742912   67
    19   -0.010347    0.413424   16     -0.011497    0.740872   68
    20   -0.012100    0.412633   17     -0.013654    0.738487   69
    21   -0.014129    0.411720   18     -0.016150    0.735740   70
    22   -0.016433    0.410685   19     -0.019015    0.732603   71
    23   -0.019015    0.409529   20     -0.020733    0.730997   72
    24   -0.019108    0.409410   21     -0.023366    0.728544   73
    25   -0.019529    0.408866   22     -0.026416    0.725714   74
    26   -0.022539    0.405016   23     -0.029799    0.722592   75
    27   -0.027950    0.398246   24     -0.033517    0.719178   76
    28   -0.033518    0.391475   25     -0.033517    0.718541   76
    29   -0.037757    0.385402   26     -0.037327    0.709415   77
    30   -0.042150    0.379278   27     -0.041220    0.700290   78
    31   -0.046631    0.373203   28     -0.045200    0.691165   79
    32   -0.051283    0.367070   29     -0.049271    0.682040   80
    33   -0.056149    0.360839   30     -0.053434    0.672915   81
    34   -0.061222    0.354532   31     -0.057694    0.663790   82
    35   -0.066518    0.348148   32     -0.062054    0.654665   83
    36   -0.066518    0.335872   32     -0.066518    0.645539   84
    37   -0.066922    0.335448   33     -0.066518    0.620072   84
    38   -0.068354    0.333946   34     -0.066982    0.619069   85
    39   -0.071231    0.330964   35     -0.068724    0.615328   86
    40   -0.075817    0.326301   36     -0.072442    0.607467   87
    41   -0.082227    0.319967   37     -0.076991    0.598082   88
    42   -0.090040    0.312519   38     -0.081664    0.588696   89
    43   -0.099144    0.304197   39     -0.086465    0.579310   90
    44   -0.109362    0.295287   40     -0.086503    0.579238   91
    45   -0.109362    0.279140   40     -0.086616    0.579019   92
    46   -0.109622    0.278966   41     -0.086805    0.578656   93
    47   -0.110460    0.278404   42     -0.087069    0.578147   94
    48   -0.111986    0.277387   43     -0.087410    0.577492   95
    49   -0.114321    0.275840   44     -0.087448    0.577420   96
    50   -0.117602    0.273690   45     -0.087611    0.577108   97
    51   -0.121722    0.271027   46     -0.088103    0.576167   98
    52   -0.127028    0.267659   47     -0.089950    0.572655   99
    53   -0.129873    0.266208   48     -0.094613    0.563953  100
    54   -0.135069    0.263604   49     -0.099398    0.555250  101
    55   -0.604150    0.135955   50     -0.104313    0.546547  102
    56   -1.655285    0.062568   51     -0.109362    0.537845  103
    57************    0.000000   52     -0.109362    0.506204  103
    58                                  -0.109799    0.505436  104
    59                                  -0.111345    0.502723  105
    60                                  -0.114484    0.497292  106
    61                                  -0.119566    0.488710  107
    62                                  -0.123257    0.482635  108
    63                                  -0.127028    0.476559  109
    64                                  -0.127739    0.475981  110
    65                                  -0.129691    0.474409  111
    66                                  -0.132692    0.472013  112
    67                                  -0.136500    0.469011  113
    68                                  -0.141000    0.465517  113
    69                                  -0.146137    0.461597  113
    70                                  -0.151951    0.457245  113
    71                                  -0.158106    0.452732  113
    72                                  -0.164840    0.447902  113
    73                                  -0.172190    0.442750  113
    74                                  -0.179785    0.437555  113
    75                                  -0.187724    0.432254  113
    76                                  -0.196086    0.426808  113
    77                                  -0.204864    0.421234  113
    78                                  -0.213946    0.415615  113
    79                                  -0.214045    0.415554  113
    80                                  -0.214344    0.415371  113
    81                                  -0.214844    0.415067  113
    82                                  -0.215543    0.414641  113
    83                                  -0.216445    0.414093  113
    84                                  -0.217550    0.413424  113
    85                                  -0.218860    0.412633  113
    86                                  -0.220378    0.411720  113
    87                                  -0.222106    0.410685  113
    88                                  -0.224047    0.409529  113
    89                                  -0.224248    0.409410  113
    90                                  -0.225165    0.408866  113
    91                                  -0.231721    0.405016  113
    92                                  -0.243529    0.398246  113
    93                                  -0.255700    0.391475  113
    94                                  -0.266935    0.385402  113
    95                                  -0.278568    0.379278  113
    96                                  -0.290420    0.373203  113
    97                                  -0.302701    0.367070  113
    98                                  -0.315512    0.360839  113
    99                                  -0.328823    0.354532  113
   100                                  -0.342654    0.348148  113
   101                                  -0.343905    0.347579  113
   102                                  -0.348146    0.345659  113
   103                                  -0.356398    0.341965  113
   104                                  -0.370281    0.335872  113
   105                                  -0.371260    0.335448  113
   106                                  -0.374740    0.333946  113
   107                                  -0.381712    0.330964  113
   108                                  -0.392777    0.326301  113
   109                                  -0.408135    0.319967  113
   110                                  -0.426681    0.312519  113
   111                                  -0.448031    0.304197  113
   112                                  -0.471646    0.295287  113
   113                                  -0.472466    0.294983  113
   114                                  -0.475162    0.293985  113
   115                                  -0.480184    0.292137  113
   116                                  -0.488141    0.289234  113
   117                                  -0.499865    0.285014  113
   118                                  -0.516490    0.279140  113
   119                                  -0.516988    0.278966  113
   120                                  -0.518598    0.278404  113
   121                                  -0.521523    0.277387  113
   122                                  -0.525990    0.275840  113
   123                                  -0.532240    0.273690  113
   124                                  -0.540053    0.271027  113
   125                                  -0.550049    0.267659  113
   126                                  -0.554390    0.266208  113
   127                                  -0.562247    0.263604  113
   128                                  -0.567502    0.262052  113
   129                                  -0.604150    0.251466  114
   130                                  -1.655285    0.062568  115
   131                               ************    0.000000  116

     1    1   99    0.100962       49.19

         1    0.000000        0.00        0.00
         2    0.002491        6.34        3.54
         3    0.004983        6.35        3.54
         4    0.007471        6.34        3.53
         5    0.009950        6.32        3.52
         6    0.012418        6.30        3.51
         7    0.014871        6.26        3.49
         8    0.017308        6.23        3.46
         9    0.019720        6.17        3.43
        10    0.022107        6.12        3.40
        11    0.024475        6.08        3.37
        12    0.026810        6.00        3.33
        13    0.029099        5.89        3.26
        14    0.031337        5.78        3.19
        15    0.033533        5.68        3.13
        16    0.035669        5.53        3.05
        17    0.037742        5.38        2.96
        18    0.039730        5.17        2.84
        19    0.041627        4.95        2.71
        20    0.043439        4.74        2.59
        21    0.045149        4.48        2.45
        22    0.046743        4.18        2.28
        23    0.048212        3.86        2.11
        24    0.049572        3.59        1.95
        25    0.050781        3.19        1.73
        26    0.051880        2.91        1.58
        27    0.052839        2.54        1.38
        28    0.053683        2.24        1.21
        29    0.054417        1.95        1.06
        30    0.055043        1.67        0.90
        31    0.055574        1.41        0.76
        32    0.056030        1.22        0.66
        33    0.056413        1.02        0.55
        34    0.056733        0.85        0.46
        35    0.056999        0.71        0.38
        36    0.057217        0.58        0.31
        37    0.057395        0.47        0.26
        38    0.057538        0.38        0.21
        39    0.057650        0.30        0.16
        40    0.057736        0.23        0.12
        41    0.057799        0.17        0.09
        42    0.057841        0.11        0.06
        43    0.057865        0.06        0.03
        44    0.057872        0.02        0.01
        45    0.058264        1.05        0.56
        46    0.058639        1.00        0.54
        47    0.058996        0.96        0.51
        48    0.059335        0.91        0.49
        49    0.059658        0.86        0.46
        50    0.059963        0.82        0.44
        51    0.060250        0.77        0.41
        52    0.060520        0.73        0.39
        53    0.060773        0.68        0.37
        54    0.061009        0.63        0.34
        55    0.061230        0.59        0.32
        56    0.061432        0.54        0.29
        57    0.061617        0.50        0.27
        58    0.061786        0.45        0.24
        59    0.061937        0.41        0.22
        60    0.062073        0.36        0.20
        61    0.062192        0.32        0.17
        62    0.062294        0.28        0.15
        63    0.062381        0.23        0.12
        64    0.062451        0.19        0.10
        65    0.062506        0.15        0.08
        66    0.062545        0.10        0.06
        67    0.062568        0.06        0.03
        68    0.062575        0.02        0.01
        69    0.066163        9.71        5.19
        70    0.069850       10.05        5.34
        71    0.073576       10.23        5.41
        72    0.077243       10.15        5.34
        73    0.080910       10.24        5.35
        74    0.084577       10.34        5.37
        75    0.088244       10.44        5.38
        76    0.092523       12.31        6.30
        77    0.096801       12.47        6.32
        78    0.101079       12.63        6.34
        79    0.105357       12.81        6.37
        80    0.109603       12.90        6.35
        81    0.113850       13.11        6.38
        82    0.118096       13.32        6.40
        83    0.122020       12.51        5.94
        84    0.124723        8.74        4.11
        85    0.126650        6.30        2.94
        86    0.128243        5.25        2.43
        87    0.129447        3.99        1.84
        88    0.130446        3.33        1.53
        89    0.131299        2.85        1.31
        90    0.131953        2.20        1.00
        91    0.132494        1.82        0.83
        92    0.132935        1.49        0.68
        93    0.133291        1.20        0.55
        94    0.133573        0.95        0.43
        95    0.133788        0.73        0.33
        96    0.133946        0.54        0.24
        97    0.134052        0.36        0.16
        98    0.134113        0.21        0.09
        99    0.134132        0.07        0.03
       100    0.135955        6.22        2.81
       101    0.137561        5.53        2.48
       102    0.138888        4.60        2.05
       103    0.139838        3.32        1.47
       104    0.140224        1.35        0.60
       105    0.144603       15.52        6.82
       106    0.149068       16.22        6.99
       107    0.153590       16.86        7.13
       108    0.158516       18.91        7.82
       109    0.163589       20.12        8.11
       110    0.168790       21.38        8.39
       111    0.173945       22.03        8.38
       112    0.179634       25.38        9.34
       113    0.185489       27.45        9.71
       114    0.191351       29.02        9.82
       115    0.197088       30.13        9.72
       116    0.203042       33.38       10.21
       117    0.208708       34.12        9.84
       118    0.213737       32.57        8.83
       119    0.218008       29.66        7.58
       120    0.221637       26.89        6.50
       121    0.224164       19.78        4.56
       122    0.226131       16.07        3.57
       123    0.227473       11.34        2.44
       124    0.228362        7.69        1.62
       125    0.228914        4.85        1.01
       126    0.229207        2.60        0.54
       127    0.229295        0.78        0.16
       128    0.231790       22.87        4.59
       129    0.234120       22.61        4.31
       130    0.236263       22.03        3.99
       131    0.238234       21.46        3.69
       132    0.240041       20.82        3.40
       133    0.241691       20.09        3.11
       134    0.243188       19.27        2.84
       135    0.244541       18.35        2.57
       136    0.245754       17.32        2.32
       137    0.246834       16.19        2.07
       138    0.247787       14.95        1.83
       139    0.248617       13.61        1.60
       140    0.249332       12.18        1.38
       141    0.249936       10.66        1.17
       142    0.250434        9.06        0.96
       143    0.250831        7.42        0.77
       144    0.251133        5.75        0.59
       145    0.251343        4.07        0.41
       146    0.251466        2.41        0.24
       147    0.251506        0.79        0.08
       148    0.255469       90.09        7.75
       149    0.259072      117.34        7.13
       150    0.262052      170.03        5.96
       151    0.263604      312.79        3.12
       152    0.266208      364.91        5.28
       153    0.267659      246.16        2.96
       154    0.271027      332.75        6.92
       155    0.273690      284.73        5.53
       156    0.275840      240.60        4.50
       157    0.277387      189.09        3.26
       158    0.278404      135.51        2.15
       159    0.278966       77.19        1.19
       160    0.279140        2.45        0.37
       161    0.285014       96.48       12.60
       162    0.289234       96.43        9.22
       163    0.292137       96.36        6.43
       164    0.293985       96.24        4.13
       165    0.294983       96.04        2.24
       166    0.295287       95.61        0.68
       167    0.304197      431.67       20.44
       168    0.312519      398.60       19.78
       169    0.319967      359.33       18.34
       170    0.326301      312.18       16.10
       171    0.330964      248.51       12.18
       172    0.333946      175.34        7.94
       173    0.335448       95.73        4.05
       174    0.335872        5.63        1.15
       175    0.341965      101.76       16.79
       176    0.345659      101.77       10.46
       177    0.347579      101.76        5.53
       178    0.348148      101.54        1.65
       179    0.354532      301.73       18.91
       180    0.360839      293.07       19.44
       181    0.367070      285.04       20.03
       182    0.373203      277.37       20.60
       183    0.379278      271.85       21.38
       184    0.385402      271.57       22.65
       185    0.391475      301.35       23.71
       186    0.398246      310.24       28.10
       187    0.405016      330.04       30.18
       188    0.408866      360.36       18.24
       189    0.409410      185.74        2.65
       190    0.409529      131.16        0.58
       191    0.410685      338.03        5.69
       192    0.411720      313.80        5.17
       193    0.412633      288.25        4.62
       194    0.413424      261.09        4.05
       195    0.414093      231.88        3.46
       196    0.414641      200.00        2.85
       197    0.415067      164.48        2.23
       198    0.415371      123.50        1.60
       199    0.415554       73.10        0.97
       200    0.415615        0.01        0.32
       201    0.421234        1.42       31.04
       202    0.426808        1.51       33.64
       203    0.432254        1.58       36.30
       204    0.437555        1.66       39.51
       205    0.442750        1.75       44.04
       206    0.447902        1.88       50.89
       207    0.452732        1.92       57.37
       208    0.457245        1.96       67.12
       209    0.461597        2.06       87.27
       210    0.465517        2.03      122.35
       211    0.469011        1.98      371.57
       212    0.472013        1.85      331.86
       213    0.474409        1.59      281.55
       214    0.475981        1.11      208.69
       215    0.476559        0.42       89.11
       216    0.482635        4.94      254.25
       217    0.488710        6.25      243.05
       218    0.497292       12.95      249.78
       219    0.502723       13.67      173.69
       220    0.505436       10.55       93.99
       221    0.506204        3.81        5.36
       222    0.512626       89.65       48.75
       223    0.513716       89.66        9.10
       224    0.514019       89.66        2.58
       225    0.514083       89.63        0.55
       226    0.514521      175.50        3.78
       227    0.514862      144.32        2.97
       228    0.515106      108.32        2.14
       229    0.515252       64.23        1.29
       230    0.515300        0.02        0.43
       231    0.524538        3.82       96.68
       232    0.530911        3.23       96.70
       233    0.534977        2.40       96.72
       234    0.537174        1.44       96.72
       235    0.537845        0.46       96.57
       236    0.546547        7.20      313.85
       237    0.555250       10.83      306.67
       238    0.563953       19.31      299.40
       239    0.572655       53.53      292.48
       240    0.576167       90.86      193.43
       241    0.577108       91.02      104.33
       242    0.577420       90.76       61.27
       243    0.577492       90.81       29.91
       244    0.578147      202.19       87.50
       245    0.578656      166.33       77.39
       246    0.579019      124.82       65.62
       247    0.579238       73.88       51.20
       248    0.579310      100.90       29.62
       249    0.588696                  284.42
       250    0.598082                  271.06
       251    0.607467                  250.00
       252    0.615328                  195.81
       253    0.619069                  104.02
       254    0.620072                    7.21
       255    0.625399                   42.21
       256    0.630727                   50.94
       257    0.637893                   93.17
       258    0.642395                   93.19
       259    0.644807                   93.21
       260    0.645539                   93.09
       261    0.654665                  297.30
       262    0.663790                  292.84
       263    0.672915                  289.16
       264    0.682040                  286.74
       265    0.691165                  286.73
       266    0.700290                  292.10
       267    0.709415                  313.11
       268    0.718541                  398.10
       269    0.719032                   97.03
       270    0.719178                   97.10
       271    0.722592                  393.49
       272    0.725714                  371.33
       273    0.728544                  347.57
       274    0.730997                  316.21
       275    0.732603                  238.02
       276    0.735740                  299.14
       277    0.738487                  273.71
       278    0.740872                  247.81
       279    0.742912                  220.67
       280    0.744582                  190.13
       281    0.745880                  156.20
       282    0.746810                  117.07
       283    0.747364                   69.35
       284    0.747548                    0.03
       285    0.757081                    1.71
       286    0.766615                    1.85
       287    0.776148                    2.02
       288    0.785681                    2.22
       289    0.795214                    2.46
       290    0.804748                    2.75
       291    0.814281                    3.13
       292    0.823814                    3.61
       293    0.833347                    4.27
       294    0.842881                    5.21
       295    0.852414                    6.65
       296    0.861947                    9.07
       297    0.871480                   13.94
       298    0.881014                   27.56
       299    0.888912                   86.29
       300    0.890504                   86.39
       301    0.890976                   86.71
       302    0.891078                   86.02
       303    0.891837                  175.47
       304    0.892428                  144.35
       305    0.892850                  108.37
       306    0.893103                   64.12
       307    0.893187                    0.02
       308    0.902595                    2.26
       309    0.912002                    2.60
       310    0.921409                    3.04
       311    0.930817                    3.63
       312    0.940224                    4.44
       313    0.949631                    5.63
       314    0.959039                    7.49
       315    0.968446                   10.71
       316    0.977853                   17.30
       317    0.987261                   35.92
       318    0.994384                   93.20
       319    0.996156                   92.85
       320    0.996729                   92.80
       321    0.996861                   92.99
       322    0.997991                  202.17
       323    0.998870                  166.29
       324    0.999498                  124.86
       325    0.999874                   73.92
       326    1.000000                  100.97
