
 Depth =  20.00


        1  0.000000  8.07E-04  7.22E-03  2.58E-03 -9.18E-03   0.00   0.18
        2  0.405016  8.26E-04  6.17E-03 -2.20E-03 -4.95E-03   0.18   0.35

 Pb          1    3    0.00    0.35  0.0000                  1  1  1  1 T T

       43  0.000000  4.73E-01  2.47E+00  3.90E+00  5.96E-01 178.62 180.00
       44  0.002491  4.72E-01  2.58E+00  4.87E+00 -1.11E-02 177.23 178.62
       45  0.004983  4.72E-01  2.51E+00  4.24E+00  3.78E-01 175.85 177.23
       46  0.007471  4.72E-01  2.51E+00  4.19E+00  4.08E-01 174.46 175.85
       47  0.009950  4.73E-01  2.49E+00  3.94E+00  5.53E-01 173.08 174.46
       48  0.012418  4.73E-01  2.47E+00  3.80E+00  6.29E-01 171.69 173.08
       49  0.014871  4.73E-01  2.45E+00  3.58E+00  7.55E-01 170.31 171.69
       50  0.017308  4.73E-01  2.44E+00  3.43E+00  8.33E-01 168.92 170.31
       51  0.019720  4.73E-01  2.43E+00  3.21E+00  9.50E-01 167.54 168.92
       52  0.022108  4.73E-01  2.41E+00  2.98E+00  1.06E+00 166.15 167.54
       53  0.024476  4.73E-01  2.39E+00  2.74E+00  1.18E+00 164.76 166.15
       54  0.026810  4.73E-01  2.38E+00  2.49E+00  1.30E+00 163.37 164.76
       55  0.029099  4.73E-01  2.36E+00  2.23E+00  1.42E+00 161.97 163.37
       56  0.031337  4.74E-01  2.34E+00  1.85E+00  1.58E+00 160.57 161.97
       57  0.033533  4.74E-01  2.33E+00  1.52E+00  1.72E+00 159.17 160.57
       58  0.035669  4.74E-01  2.31E+00  1.07E+00  1.90E+00 157.75 159.17
       59  0.037742  4.74E-01  2.29E+00  5.71E-01  2.09E+00 156.33 157.75
       60  0.039730  4.74E-01  2.27E+00  6.67E-02  2.27E+00 154.91 156.33
       61  0.041627  4.74E-01  2.25E+00 -6.17E-01  2.50E+00 153.46 154.91
       62  0.043439  4.74E-01  2.22E+00 -1.37E+00  2.74E+00 152.00 153.46
       63  0.045149  4.74E-01  2.20E+00 -2.24E+00  3.00E+00 150.53 152.00
       64  0.046743  4.74E-01  2.18E+00 -3.25E+00  3.29E+00 149.04 150.53
       65  0.048212  4.74E-01  2.16E+00 -4.46E+00  3.60E+00 147.51 149.04
       66  0.049572  4.74E-01  2.13E+00 -5.77E+00  3.92E+00 145.99 147.51
       67  0.050781  4.74E-01  2.11E+00 -7.41E+00  4.29E+00 144.41 145.99
       68  0.051880  4.74E-01  2.09E+00 -9.02E+00  4.62E+00 142.83 144.41
       69  0.052839  4.74E-01  2.07E+00 -1.11E+01  5.01E+00 141.23 142.83
       70  0.053683  4.74E-01  2.05E+00 -1.31E+01  5.36E+00 139.59 141.23
       71  0.054417  4.74E-01  2.04E+00 -1.54E+01  5.72E+00 137.94 139.59
       72  0.055044  4.74E-01  2.03E+00 -1.77E+01  6.05E+00 136.29 137.94
       73  0.055574  4.74E-01  2.01E+00 -2.01E+01  6.35E+00 134.60 136.29
       74  0.056031  4.74E-01  2.01E+00 -2.26E+01  6.64E+00 132.90 134.60
       75  0.056413  4.74E-01  2.00E+00 -2.47E+01  6.86E+00 131.18 132.90
       76  0.056733  4.74E-01  1.99E+00 -2.71E+01  7.08E+00 129.46 131.18
       77  0.056999  4.74E-01  1.99E+00 -2.91E+01  7.23E+00 127.73 129.46
       78  0.057217  4.74E-01  1.99E+00 -3.10E+01  7.36E+00 125.99 127.73
       79  0.057395  4.74E-01  1.99E+00 -3.26E+01  7.45E+00 124.24 125.99
       80  0.057538  4.74E-01  1.98E+00 -3.45E+01  7.55E+00 122.49 124.24
       81  0.057650  4.74E-01  1.98E+00 -3.49E+01  7.56E+00 120.74 122.49
       82  0.057736  4.74E-01  1.98E+00 -3.69E+01  7.62E+00 118.97 120.74
       83  0.057799  4.74E-01  1.98E+00 -3.60E+01  7.60E+00 117.20 118.97
       84  0.057841  4.74E-01  1.98E+00 -3.92E+01  7.65E+00 115.44 117.20
       85  0.057865  4.74E-01  1.98E+00 -3.53E+01  7.62E+00 113.67 115.44

 PKPdf      43   86  113.67  180.00  0.0579                  1  1 -1  3 F F

       87  0.062575  3.21E-01 -7.72E-01 -1.84E+01  1.52E+01 154.10 155.44
       88  0.066164  2.69E-01  3.87E+00  1.58E+01 -8.52E+00 152.67 154.10
       89  0.069850  2.80E-01  2.82E+00  7.59E+00 -2.97E+00 151.33 152.67
       90  0.073576  2.78E-01  3.05E+00  9.51E+00 -4.23E+00 148.93 151.33
       91  0.080910  2.77E-01  3.10E+00  9.95E+00 -4.50E+00 146.94 148.93
       92  0.088244  2.78E-01  3.05E+00  9.42E+00 -4.20E+00 145.28 146.94
       93  0.096801  2.78E-01  3.07E+00  9.69E+00 -4.34E+00 144.78 145.28
       94  0.101079  2.78E-01  3.05E+00  9.43E+00 -4.21E+00 144.56 144.78
 min   95  0.105357  2.78E-01  3.06E+00  9.50E+00 -4.24E+00 144.56 144.69
       96  0.109604  2.78E-01  3.05E+00  9.47E+00 -4.23E+00 144.69 145.24
       97  0.113850  2.78E-01  3.06E+00  9.53E+00 -4.25E+00 145.24 146.37
       98  0.118097  2.78E-01  3.04E+00  9.14E+00 -4.12E+00 146.37 148.13
       99  0.122020  2.78E-01  3.07E+00  1.00E+01 -4.38E+00 148.13 149.94
      100  0.124722  2.78E-01  3.07E+00  1.02E+01 -4.44E+00 149.94 151.68
      101  0.126650  2.78E-01  3.07E+00  1.01E+01 -4.41E+00 151.68 153.53
      102  0.128243  2.78E-01  3.08E+00  1.08E+01 -4.55E+00 153.53 155.29
      103  0.129447  2.78E-01  3.08E+00  1.10E+01 -4.58E+00 155.29 157.07
      104  0.130446  2.78E-01  3.08E+00  1.12E+01 -4.62E+00 157.07 158.95
      105  0.131299  2.78E-01  3.08E+00  1.18E+01 -4.71E+00 158.95 160.71
      106  0.131953  2.78E-01  3.08E+00  1.19E+01 -4.72E+00 160.71 162.49
      107  0.132494  2.78E-01  3.08E+00  1.24E+01 -4.77E+00 162.49 164.27
      108  0.132935  2.78E-01  3.09E+00  1.26E+01 -4.79E+00 164.27 166.06
      109  0.133291  2.78E-01  3.09E+00  1.30E+01 -4.82E+00 166.06 167.86
      110  0.133573  2.78E-01  3.09E+00  1.30E+01 -4.82E+00 167.86 169.65
      111  0.133788  2.78E-01  3.09E+00  1.34E+01 -4.84E+00 169.65 171.45
      112  0.133946  2.78E-01  3.09E+00  1.34E+01 -4.84E+00 171.45 173.25
      113  0.134052  2.78E-01  3.09E+00  1.31E+01 -4.83E+00 173.25 175.04
      114  0.134113  2.78E-01  3.09E+00  1.40E+01 -4.84E+00 175.04 176.84

 PKPab      87  115  144.56  176.84  0.1061                  1  1 -1  3 F F

      116  0.134132  1.57E+00 -6.09E+01 -2.00E+02  2.11E+02  96.58  98.35
      117  0.135955  5.61E-01 -1.85E+01 -5.21E+01  6.18E+01  94.87  96.58
      118  0.137561  9.57E+00 -4.00E+02 -1.40E+03  1.41E+03  92.93  94.87
      119  0.138888 -5.59E+00  2.48E+02  9.12E+02 -8.95E+02  90.79  92.93
      120  0.140224 -3.99E+00  1.79E+02  6.63E+02 -6.47E+02  87.48  90.79
      121  0.144602  1.03E+00 -4.48E+01 -1.69E+02  1.67E+02  86.07  87.48
      122  0.149068 -1.72E-01  1.08E+01  4.40E+01 -3.83E+01  84.07  86.07
      123  0.153590  1.11E-01 -2.75E+00 -9.80E+00  1.26E+01  82.01  84.07
      124  0.158515  4.42E-02  5.56E-01  3.92E+00 -1.34E-01  79.82  82.01
      125  0.163588  6.03E-02 -2.82E-01  2.95E-01  3.15E+00  77.55  79.82
      126  0.168789  4.85E-02  3.64E-01  3.22E+00  5.60E-01  75.27  77.55
      127  0.173951  5.28E-02  1.19E-01  2.06E+00  1.57E+00  72.73  75.27
      128  0.179634  4.93E-02  3.28E-01  3.11E+00  6.83E-01  70.09  72.73
      129  0.185489  4.95E-02  3.13E-01  3.03E+00  7.47E-01  67.44  70.09
      130  0.191350  4.63E-02  5.30E-01  4.26E+00 -2.28E-01  64.83  67.44
      131  0.197088  4.80E-02  4.08E-01  3.52E+00  3.39E-01  62.12  64.83
      132  0.203042  4.72E-02  4.69E-01  3.92E+00  4.38E-02  59.53  62.12
      133  0.208708  4.74E-02  4.57E-01  3.84E+00  1.03E-01  57.23  59.53
      134  0.213736  4.67E-02  5.24E-01  4.34E+00 -2.42E-01  55.29  57.23
      135  0.218008  4.79E-02  4.00E-01  3.34E+00  4.23E-01  53.63  55.29
      136  0.221637  4.78E-02  4.17E-01  3.48E+00  3.32E-01  51.56  53.63
      137  0.226131  4.56E-02  6.65E-01  5.82E+00 -1.11E+00  50.12  51.56
      138  0.229295  4.83E-02  3.40E-01  2.56E+00  8.34E-01  47.91  50.12
      139  0.234120  4.76E-02  4.31E-01  3.57E+00  2.63E-01  46.00  47.91
      140  0.238234  4.80E-02  3.70E-01  2.82E+00  6.68E-01  44.38  46.00
      141  0.241691  4.79E-02  3.80E-01  2.96E+00  5.97E-01  42.45  44.38
      142  0.245754  4.88E-02  2.31E-01  7.31E-01  1.68E+00  41.06  42.45
      143  0.248617  4.72E-02  5.34E-01  5.69E+00 -6.29E-01  39.63  41.06
      144  0.251506  4.87E-02  2.01E-01 -3.39E-01  2.04E+00  37.61  39.63
      145  0.255470  4.84E-02  2.96E-01  1.67E+00  1.22E+00  35.64  37.61
      146  0.259071  4.90E-02  1.17E-01 -2.78E+00  2.90E+00  33.86  35.64
      147  0.262052  4.79E-02  4.77E-01  7.74E+00 -7.65E-01  32.89  33.86
      148  0.263604  5.03E-02 -4.37E-01 -2.17E+01  9.00E+00  30.90  32.89
      149  0.266208  4.84E-02  4.56E-01  1.29E+01 -1.46E+00  29.59  30.90
      150  0.267659  4.76E-02  8.49E-01  3.00E+01 -6.36E+00  27.34  29.59
      151  0.271027  4.85E-02  2.09E-01 -9.48E+00  3.12E+00  25.87  27.34
      152  0.273690  4.84E-02  3.30E-01  1.63E+00  9.36E-01  24.15  25.87
      153  0.275840  4.84E-02  3.05E-01 -2.11E+00  1.51E+00  22.51  24.15
      154  0.277387  4.84E-02  3.08E-01 -1.43E+00  1.43E+00  20.86  22.51
      155  0.278404  4.84E-02  3.07E-01 -2.04E+00  1.48E+00  19.22  20.86
      156  0.278966  4.84E-02  3.07E-01 -2.36E+00  1.49E+00  17.58  19.22

 P         116  157   17.58   98.35  0.2791   98.35  145.00  1  1 -1  3 F F

      158  0.295287  2.69E-02  1.15E-01 -1.71E+00  1.69E+00  26.28  27.95
      159  0.304198  2.58E-02  3.25E-01  1.61E+00  1.19E-01  24.49  26.28
      160  0.312519  2.60E-02  2.70E-01  4.37E-01  5.96E-01  22.75  24.49
      161  0.319967  2.60E-02  2.64E-01  2.45E-01  6.61E-01  20.96  22.75
      162  0.326301  2.60E-02  2.53E-01 -3.48E-01  8.16E-01  19.20  20.96
      163  0.330964  2.60E-02  2.46E-01 -1.01E+00  9.40E-01  17.43  19.20
      164  0.333946  2.60E-02  2.44E-01 -1.64E+00  1.01E+00  15.69  17.43
      165  0.335448  2.60E-02  2.43E-01 -2.12E+00  1.04E+00  13.95  15.69

 P         158  166   13.95   27.95  0.3359                  1  1 -1  3 F F

      167  0.348148  3.86E-03  1.27E-01  5.42E-01  4.40E-01  19.50  21.26
      168  0.360839  3.06E-03  2.15E-01  1.35E+00 -6.54E-02  17.74  19.50
      169  0.373203  1.69E-03  4.09E-01  3.63E+00 -1.32E+00  16.31  17.74
      170  0.385402  2.76E-03  1.96E-01  1.07E-01  3.16E-01  14.14  16.31
 min  171  0.405016  1.29E-03  1.03E+00  3.94E+01 -1.05E+01  14.09  15.48
      172  0.408866 -1.25E-02  1.33E+01  9.49E+02 -2.10E+02  15.48  17.25
      173  0.409410  5.37E-02 -5.07E+01 -4.21E+03  8.74E+02  17.25  17.65
 max  174  0.409529  5.15E-03 -2.86E+00 -2.78E+02  5.59E+01  16.96  17.85
      175  0.410685  2.28E-03  6.37E-01  7.65E+01 -1.04E+01  14.85  16.96
      176  0.411720  2.77E-03 -1.24E-01 -2.11E+01  5.84E+00  13.14  14.85
      177  0.412633  2.69E-03  3.73E-02  5.93E+00  1.91E+00  11.32  13.14
      178  0.413424  2.70E-03  4.32E-03 -1.60E+00  2.85E+00   9.53  11.32
      179  0.414093  2.70E-03  1.09E-02  5.53E-01  2.63E+00   7.73   9.53
      180  0.414641  2.70E-03  9.59E-03 -1.12E-01  2.68E+00   5.94   7.73
      181  0.415067  2.70E-03  9.76E-03  4.12E-02  2.67E+00   4.15   5.94
      182  0.415371  2.70E-03  9.75E-03  1.57E-02  2.68E+00   2.35   4.15
      183  0.415554  2.70E-03  9.72E-03 -1.87E-01  2.68E+00   0.56   2.35

 Pn        167  184    0.56   21.26  0.4156                  1  1 -1  3 F F

      185  0.514083  8.26E-04  6.14E-03 -1.18E-02  2.63E+00   6.65   8.23
      186  0.514521  8.26E-04  6.27E-03  7.58E-02  2.62E+00   5.08   6.65
      187  0.514862  8.26E-04  6.13E-03 -8.42E-02  2.63E+00   3.50   5.08
      188  0.515106  8.26E-04  6.21E-03  1.11E-01  2.62E+00   1.93   3.50
      189  0.515252  8.26E-04  6.17E-03 -6.56E-01  2.63E+00   0.35   1.93

 Pb        185  190    0.35    8.23  0.5153                  1  1 -1  3 F F

      197  0.000000  4.71E-01  1.69E+00 -1.23E+01 -3.99E-01   0.00   3.68
      198  0.002491  4.70E-01  1.82E+00 -1.12E+01 -1.13E+00   3.68   7.38
      199  0.004983  4.69E-01  1.94E+00 -1.02E+01 -1.77E+00   7.38  11.08
      200  0.007471  4.68E-01  2.04E+00 -9.26E+00 -2.35E+00  11.08  14.78
      201  0.009950  4.67E-01  2.13E+00 -8.42E+00 -2.86E+00  14.78  18.50
      202  0.012418  4.67E-01  2.21E+00 -7.65E+00 -3.32E+00  18.50  22.24
      203  0.014871  4.66E-01  2.27E+00 -6.94E+00 -3.74E+00  22.24  25.99
      204  0.017308  4.66E-01  2.33E+00 -6.28E+00 -4.11E+00  25.99  29.75
      205  0.019720  4.65E-01  2.38E+00 -5.68E+00 -4.44E+00  29.75  33.54
      206  0.022108  4.65E-01  2.43E+00 -5.12E+00 -4.74E+00  33.54  37.37
      207  0.024476  4.65E-01  2.47E+00 -4.60E+00 -5.01E+00  37.37  41.21
      208  0.026810  4.65E-01  2.50E+00 -4.12E+00 -5.25E+00  41.21  45.07
      209  0.029099  4.64E-01  2.53E+00 -3.68E+00 -5.47E+00  45.07  48.94
      210  0.031337  4.64E-01  2.56E+00 -3.27E+00 -5.66E+00  48.94  52.84
      211  0.033533  4.64E-01  2.58E+00 -2.88E+00 -5.84E+00  52.84  56.75
      212  0.035669  4.64E-01  2.60E+00 -2.52E+00 -6.00E+00  56.75  60.67
      213  0.037742  4.64E-01  2.62E+00 -2.18E+00 -6.14E+00  60.67  64.56
      214  0.039730  4.64E-01  2.63E+00 -1.87E+00 -6.26E+00  64.56  68.42
      215  0.041627  4.64E-01  2.64E+00 -1.58E+00 -6.38E+00  68.42  72.26
      216  0.043439  4.64E-01  2.66E+00 -1.30E+00 -6.48E+00  72.26  76.03
      217  0.045149  4.64E-01  2.66E+00 -1.05E+00 -6.57E+00  76.03  79.71
      218  0.046743  4.64E-01  2.67E+00 -8.16E-01 -6.65E+00  79.71  83.27
      219  0.048212  4.64E-01  2.68E+00 -5.97E-01 -6.72E+00  83.27  86.72
      220  0.049572  4.64E-01  2.68E+00 -3.96E-01 -6.78E+00  86.72  89.93
      221  0.050781  4.64E-01  2.69E+00 -2.14E-01 -6.83E+00  89.93  93.00
      222  0.051880  4.64E-01  2.69E+00 -3.87E-02 -6.88E+00  93.00  95.81
      223  0.052839  4.64E-01  2.69E+00  8.56E-02 -6.91E+00  95.81  98.40
      224  0.053683  4.64E-01  2.70E+00  2.97E-01 -6.96E+00  98.40 102.85
      225  0.055044  4.64E-01  2.70E+00  5.23E-01 -7.02E+00 102.85 106.34
      226  0.056031  4.64E-01  2.70E+00  7.05E-01 -7.06E+00 106.34 110.04
      227  0.056999  4.64E-01  2.71E+00  9.05E-01 -7.10E+00 110.04 113.63
      228  0.057865  4.64E-01  2.71E+00  1.09E+00 -7.13E+00 113.63 117.15
      229  0.058639  4.64E-01  2.71E+00  1.28E+00 -7.16E+00 117.15 120.63
      230  0.059335  4.64E-01  2.71E+00  1.46E+00 -7.19E+00 120.63 124.11
      231  0.059963  4.64E-01  2.71E+00  1.65E+00 -7.21E+00 124.11 127.59
      232  0.060520  4.64E-01  2.71E+00  1.83E+00 -7.24E+00 127.59 131.07
      233  0.061009  4.64E-01  2.71E+00  2.01E+00 -7.26E+00 131.07 134.56
      234  0.061432  4.64E-01  2.71E+00  2.19E+00 -7.27E+00 134.56 138.04
      235  0.061786  4.64E-01  2.71E+00  2.36E+00 -7.28E+00 138.04 141.52
      236  0.062073  4.64E-01  2.71E+00  2.52E+00 -7.29E+00 141.52 145.00
      237  0.062294  4.64E-01  2.71E+00  2.67E+00 -7.30E+00 145.00 148.48
      238  0.062451  4.64E-01  2.71E+00  2.80E+00 -7.30E+00 148.48 151.96
      239  0.062545  4.64E-01  2.71E+00  2.91E+00 -7.31E+00 151.96 155.44

 PKiKP     197  240    0.00  155.44  0.0000                  1  1 -1  3 F F
