\BOOKMARK [0][-]{chapter*.1}{\376\377\000A\000b\000s\000t\000r\000a\000c\000t}{}% 1
\BOOKMARK [0][-]{chapter*.2}{\376\377\000P\000r\000e\000f\000a\000c\000e}{}% 2
\BOOKMARK [0][-]{chapter*.4}{\376\377\000T\000a\000b\000l\000e\000\040\000o\000f\000\040\000C\000o\000n\000t\000e\000n\000t\000s}{}% 3
\BOOKMARK [0][-]{chapter*.5}{\376\377\000L\000i\000s\000t\000\040\000o\000f\000\040\000T\000a\000b\000l\000e\000s}{}% 4
\BOOKMARK [0][-]{chapter*.6}{\376\377\000L\000i\000s\000t\000\040\000o\000f\000\040\000F\000i\000g\000u\000r\000e\000s}{}% 5
\BOOKMARK [0][-]{chapter*.7}{\376\377\000A\000c\000k\000n\000o\000w\000l\000e\000d\000g\000e\000m\000e\000n\000t\000s}{}% 6
\BOOKMARK [0][-]{chapter.1}{\376\377\000I\000n\000t\000r\000o\000d\000u\000c\000t\000i\000o\000n}{}% 7
\BOOKMARK [1][-]{section.1.1}{\376\377\000G\000e\000o\000l\000o\000g\000y}{chapter.1}% 8
\BOOKMARK [1][-]{section.1.2}{\376\377\000P\000r\000e\000v\000i\000o\000u\000s\000\040\000W\000o\000r\000k}{chapter.1}% 9
\BOOKMARK [1][-]{section.1.3}{\376\377\000S\000u\000m\000m\000a\000r\000y}{chapter.1}% 10
\BOOKMARK [0][-]{chapter.2}{\376\377\000D\000a\000t\000a\000\040\000a\000n\000d\000\040\000M\000e\000t\000h\000o\000d\000s}{}% 11
\BOOKMARK [1][-]{section.2.1}{\376\377\000T\000e\000l\000e\000s\000e\000i\000s\000m\000i\000c\000\040\000D\000a\000t\000a\000\040\000S\000e\000t}{chapter.2}% 12
\BOOKMARK [1][-]{section.2.2}{\376\377\000V\000p\000/\000V\000s\000\040\000m\000e\000t\000h\000o\000d}{chapter.2}% 13
\BOOKMARK [1][-]{section.2.3}{\376\377\000A\000d\000d\000i\000t\000i\000o\000n\000a\000l\000\040\000d\000a\000t\000a}{chapter.2}% 14
\BOOKMARK [0][-]{chapter.3}{\376\377\000R\000e\000s\000u\000l\000t\000s}{}% 15
\BOOKMARK [1][-]{section.3.1}{\376\377\000C\000o\000m\000p\000a\000r\000i\000s\000o\000n\000s}{chapter.3}% 16
\BOOKMARK [1][-]{section.3.2}{\376\377\000F\000u\000l\000l\000\040\000G\000r\000i\000d\000\040\000S\000e\000a\000r\000c\000h\000\040\000A\000n\000a\000l\000y\000s\000i\000s}{chapter.3}% 17
\BOOKMARK [1][-]{section.3.3}{\376\377\000C\000r\000u\000s\000t\000a\000l\000\040\000D\000i\000s\000c\000o\000n\000t\000i\000n\000u\000i\000t\000i\000e\000s}{chapter.3}% 18
\BOOKMARK [1][-]{section.3.4}{\376\377\000R\000e\000g\000i\000o\000n\000a\000l\000\040\000B\000u\000l\000k\000\040\000C\000r\000u\000s\000t\000a\000l\000\040\000P\000a\000r\000a\000m\000e\000t\000e\000r\000s}{chapter.3}% 19
\BOOKMARK [0][-]{chapter.4}{\376\377\000D\000i\000s\000c\000u\000s\000s\000i\000o\000n\000\040\000a\000n\000d\000\040\000C\000o\000n\000c\000l\000u\000s\000i\000o\000n\000s}{}% 20
\BOOKMARK [1][-]{section.4.1}{\376\377\000C\000r\000u\000s\000t\000a\000l\000\040\000r\000e\000f\000l\000e\000c\000t\000i\000v\000i\000t\000y}{chapter.4}% 21
\BOOKMARK [1][-]{section.4.2}{\376\377\000C\000r\000u\000s\000t\000a\000l\000\040\000C\000o\000m\000p\000o\000s\000i\000t\000i\000o\000n}{chapter.4}% 22
\BOOKMARK [1][-]{section.4.3}{\376\377\000C\000o\000n\000c\000l\000u\000s\000i\000o\000n\000s}{chapter.4}% 23
\BOOKMARK [0][-]{chapter*.8}{\376\377\000B\000i\000b\000l\000i\000o\000g\000r\000a\000p\000h\000y}{}% 24
\BOOKMARK [0][-]{appendix.A}{\376\377\000F\000i\000r\000s\000t\000\040\000A\000p\000p\000e\000n\000d\000i\000x}{}% 25
\BOOKMARK [0][-]{appendix.B}{\376\377\000S\000e\000c\000o\000n\000d\000\040\000A\000p\000p\000e\000n\000d\000i\000x}{}% 26
